Performing C++ SOURCE FILE Test COMPILER_SUPPORT_wd981 failed with the following output:
Change Dir: /home/qwerty/catkin_ws/build/nbvplanner/eigen_catkin/eigen_src-prefix/src/eigen_src-build/CMakeFiles/CMakeTmp

Run Build Command(s):/usr/bin/make cmTC_6255b/fast && make[3]: Entering directory '/home/qwerty/catkin_ws/build/nbvplanner/eigen_catkin/eigen_src-prefix/src/eigen_src-build/CMakeFiles/CMakeTmp'
/usr/bin/make -f CMakeFiles/cmTC_6255b.dir/build.make CMakeFiles/cmTC_6255b.dir/build
make[4]: Entering directory '/home/qwerty/catkin_ws/build/nbvplanner/eigen_catkin/eigen_src-prefix/src/eigen_src-build/CMakeFiles/CMakeTmp'
Building CXX object CMakeFiles/cmTC_6255b.dir/src.cxx.o
/usr/bin/c++    -fexceptions -pedantic -Wall -Wextra -Wundef -Wcast-align -Wchar-subscripts -Wnon-virtual-dtor -Wunused-local-typedefs -Wpointer-arith -Wwrite-strings -Wformat-security -Wno-psabi -Wno-variadic-macros -Wno-long-long -fno-check-new -fno-common -fstrict-aliasing -DCOMPILER_SUPPORT_wd981 -Werror   -wd981 -o CMakeFiles/cmTC_6255b.dir/src.cxx.o -c /home/qwerty/catkin_ws/build/nbvplanner/eigen_catkin/eigen_src-prefix/src/eigen_src-build/CMakeFiles/CMakeTmp/src.cxx
c++: error: unrecognized command line option '-wd981'
make[4]: *** [CMakeFiles/cmTC_6255b.dir/build.make:66: CMakeFiles/cmTC_6255b.dir/src.cxx.o] Error 1
make[4]: Leaving directory '/home/qwerty/catkin_ws/build/nbvplanner/eigen_catkin/eigen_src-prefix/src/eigen_src-build/CMakeFiles/CMakeTmp'
make[3]: *** [Makefile:121: cmTC_6255b/fast] Error 2
make[3]: Leaving directory '/home/qwerty/catkin_ws/build/nbvplanner/eigen_catkin/eigen_src-prefix/src/eigen_src-build/CMakeFiles/CMakeTmp'


Source file was:
int main() { return 0; }
Performing C++ SOURCE FILE Test COMPILER_SUPPORT_wd2304 failed with the following output:
Change Dir: /home/qwerty/catkin_ws/build/nbvplanner/eigen_catkin/eigen_src-prefix/src/eigen_src-build/CMakeFiles/CMakeTmp

Run Build Command(s):/usr/bin/make cmTC_ea976/fast && make[3]: Entering directory '/home/qwerty/catkin_ws/build/nbvplanner/eigen_catkin/eigen_src-prefix/src/eigen_src-build/CMakeFiles/CMakeTmp'
/usr/bin/make -f CMakeFiles/cmTC_ea976.dir/build.make CMakeFiles/cmTC_ea976.dir/build
make[4]: Entering directory '/home/qwerty/catkin_ws/build/nbvplanner/eigen_catkin/eigen_src-prefix/src/eigen_src-build/CMakeFiles/CMakeTmp'
Building CXX object CMakeFiles/cmTC_ea976.dir/src.cxx.o
/usr/bin/c++    -fexceptions -pedantic -Wall -Wextra -Wundef -Wcast-align -Wchar-subscripts -Wnon-virtual-dtor -Wunused-local-typedefs -Wpointer-arith -Wwrite-strings -Wformat-security -Wno-psabi -Wno-variadic-macros -Wno-long-long -fno-check-new -fno-common -fstrict-aliasing -DCOMPILER_SUPPORT_wd2304 -Werror   -wd2304 -o CMakeFiles/cmTC_ea976.dir/src.cxx.o -c /home/qwerty/catkin_ws/build/nbvplanner/eigen_catkin/eigen_src-prefix/src/eigen_src-build/CMakeFiles/CMakeTmp/src.cxx
c++: error: unrecognized command line option '-wd2304'
make[4]: *** [CMakeFiles/cmTC_ea976.dir/build.make:66: CMakeFiles/cmTC_ea976.dir/src.cxx.o] Error 1
make[4]: Leaving directory '/home/qwerty/catkin_ws/build/nbvplanner/eigen_catkin/eigen_src-prefix/src/eigen_src-build/CMakeFiles/CMakeTmp'
make[3]: *** [Makefile:121: cmTC_ea976/fast] Error 2
make[3]: Leaving directory '/home/qwerty/catkin_ws/build/nbvplanner/eigen_catkin/eigen_src-prefix/src/eigen_src-build/CMakeFiles/CMakeTmp'


Source file was:
int main() { return 0; }
Performing C++ SOURCE FILE Test COMPILER_SUPPORT_STRICTANSI failed with the following output:
Change Dir: /home/qwerty/catkin_ws/build/nbvplanner/eigen_catkin/eigen_src-prefix/src/eigen_src-build/CMakeFiles/CMakeTmp

Run Build Command(s):/usr/bin/make cmTC_92fbf/fast && make[3]: Entering directory '/home/qwerty/catkin_ws/build/nbvplanner/eigen_catkin/eigen_src-prefix/src/eigen_src-build/CMakeFiles/CMakeTmp'
/usr/bin/make -f CMakeFiles/cmTC_92fbf.dir/build.make CMakeFiles/cmTC_92fbf.dir/build
make[4]: Entering directory '/home/qwerty/catkin_ws/build/nbvplanner/eigen_catkin/eigen_src-prefix/src/eigen_src-build/CMakeFiles/CMakeTmp'
Building CXX object CMakeFiles/cmTC_92fbf.dir/src.cxx.o
/usr/bin/c++    -fexceptions -pedantic -Wall -Wextra -Wundef -Wcast-align -Wchar-subscripts -Wnon-virtual-dtor -Wunused-local-typedefs -Wpointer-arith -Wwrite-strings -Wformat-security -Wno-psabi -Wno-variadic-macros -Wno-long-long -fno-check-new -fno-common -fstrict-aliasing -DCOMPILER_SUPPORT_STRICTANSI -Werror   -strict-ansi -o CMakeFiles/cmTC_92fbf.dir/src.cxx.o -c /home/qwerty/catkin_ws/build/nbvplanner/eigen_catkin/eigen_src-prefix/src/eigen_src-build/CMakeFiles/CMakeTmp/src.cxx
c++: error: unrecognized command line option '-strict-ansi'; did you mean '-fstrict-enums'?
make[4]: *** [CMakeFiles/cmTC_92fbf.dir/build.make:66: CMakeFiles/cmTC_92fbf.dir/src.cxx.o] Error 1
make[4]: Leaving directory '/home/qwerty/catkin_ws/build/nbvplanner/eigen_catkin/eigen_src-prefix/src/eigen_src-build/CMakeFiles/CMakeTmp'
make[3]: *** [Makefile:121: cmTC_92fbf/fast] Error 2
make[3]: Leaving directory '/home/qwerty/catkin_ws/build/nbvplanner/eigen_catkin/eigen_src-prefix/src/eigen_src-build/CMakeFiles/CMakeTmp'


Source file was:
int main() { return 0; }
Performing C++ SOURCE FILE Test COMPILER_SUPPORT_Qunusedarguments failed with the following output:
Change Dir: /home/qwerty/catkin_ws/build/nbvplanner/eigen_catkin/eigen_src-prefix/src/eigen_src-build/CMakeFiles/CMakeTmp

Run Build Command(s):/usr/bin/make cmTC_5b749/fast && make[3]: Entering directory '/home/qwerty/catkin_ws/build/nbvplanner/eigen_catkin/eigen_src-prefix/src/eigen_src-build/CMakeFiles/CMakeTmp'
/usr/bin/make -f CMakeFiles/cmTC_5b749.dir/build.make CMakeFiles/cmTC_5b749.dir/build
make[4]: Entering directory '/home/qwerty/catkin_ws/build/nbvplanner/eigen_catkin/eigen_src-prefix/src/eigen_src-build/CMakeFiles/CMakeTmp'
Building CXX object CMakeFiles/cmTC_5b749.dir/src.cxx.o
/usr/bin/c++    -fexceptions -pedantic -Wall -Wextra -Wundef -Wcast-align -Wchar-subscripts -Wnon-virtual-dtor -Wunused-local-typedefs -Wpointer-arith -Wwrite-strings -Wformat-security -Wno-psabi -Wno-variadic-macros -Wno-long-long -fno-check-new -fno-common -fstrict-aliasing -DCOMPILER_SUPPORT_Qunusedarguments -Werror   -Qunused-arguments -o CMakeFiles/cmTC_5b749.dir/src.cxx.o -c /home/qwerty/catkin_ws/build/nbvplanner/eigen_catkin/eigen_src-prefix/src/eigen_src-build/CMakeFiles/CMakeTmp/src.cxx
c++: error: unrecognized command line option '-Qunused-arguments'
make[4]: *** [CMakeFiles/cmTC_5b749.dir/build.make:66: CMakeFiles/cmTC_5b749.dir/src.cxx.o] Error 1
make[4]: Leaving directory '/home/qwerty/catkin_ws/build/nbvplanner/eigen_catkin/eigen_src-prefix/src/eigen_src-build/CMakeFiles/CMakeTmp'
make[3]: *** [Makefile:121: cmTC_5b749/fast] Error 2
make[3]: Leaving directory '/home/qwerty/catkin_ws/build/nbvplanner/eigen_catkin/eigen_src-prefix/src/eigen_src-build/CMakeFiles/CMakeTmp'


Source file was:
int main() { return 0; }
