This file contains any messages produced by compilers while
running configure, to aid debugging if configure makes a mistake.

It was created by glog configure 0.3.4, which was
generated by GNU Autoconf 2.69.  Invocation command line was

  $ ./configure --with-pic --with-gflags=/home/qwerty/catkin_ws/devel --prefix=/home/qwerty/catkin_ws/devel

## --------- ##
## Platform. ##
## --------- ##

hostname = qwerty-VirtualBox
uname -m = x86_64
uname -r = 5.11.0-46-generic
uname -s = Linux
uname -v = #51~20.04.1-Ubuntu SMP Fri Jan 7 06:51:40 UTC 2022

/usr/bin/uname -p = x86_64
/bin/uname -X     = unknown

/bin/arch              = x86_64
/usr/bin/arch -k       = unknown
/usr/convex/getsysinfo = unknown
/usr/bin/hostinfo      = unknown
/bin/machine           = unknown
/usr/bin/oslevel       = unknown
/bin/universe          = unknown

PATH: /opt/ros/noetic/bin
PATH: /usr/local/sbin
PATH: /usr/local/bin
PATH: /usr/sbin
PATH: /usr/bin
PATH: /sbin
PATH: /bin
PATH: /usr/games
PATH: /usr/local/games
PATH: /snap/bin


## ----------- ##
## Core tests. ##
## ----------- ##

configure:2784: checking for a BSD-compatible install
configure:2852: result: /usr/bin/install -c
configure:2863: checking whether build environment is sane
configure:2918: result: yes
configure:2954: WARNING: 'missing' script is too old or missing
configure:3067: checking for a thread-safe mkdir -p
configure:3106: result: /usr/bin/mkdir -p
configure:3113: checking for gawk
configure:3143: result: no
configure:3113: checking for mawk
configure:3129: found /usr/bin/mawk
configure:3140: result: mawk
configure:3151: checking whether make sets $(MAKE)
configure:3173: result: yes
configure:3202: checking whether make supports nested variables
configure:3219: result: yes
configure:3403: checking for gcc
configure:3419: found /usr/bin/gcc
configure:3430: result: gcc
configure:3659: checking for C compiler version
configure:3668: gcc --version >&5
gcc (Ubuntu 9.3.0-17ubuntu1~20.04) 9.3.0
Copyright (C) 2019 Free Software Foundation, Inc.
This is free software; see the source for copying conditions.  There is NO
warranty; not even for MERCHANTABILITY or FITNESS FOR A PARTICULAR PURPOSE.

configure:3679: $? = 0
configure:3668: gcc -v >&5
Using built-in specs.
COLLECT_GCC=gcc
COLLECT_LTO_WRAPPER=/usr/lib/gcc/x86_64-linux-gnu/9/lto-wrapper
OFFLOAD_TARGET_NAMES=nvptx-none:hsa
OFFLOAD_TARGET_DEFAULT=1
Target: x86_64-linux-gnu
Configured with: ../src/configure -v --with-pkgversion='Ubuntu 9.3.0-17ubuntu1~20.04' --with-bugurl=file:///usr/share/doc/gcc-9/README.Bugs --enable-languages=c,ada,c++,go,brig,d,fortran,objc,obj-c++,gm2 --prefix=/usr --with-gcc-major-version-only --program-suffix=-9 --program-prefix=x86_64-linux-gnu- --enable-shared --enable-linker-build-id --libexecdir=/usr/lib --without-included-gettext --enable-threads=posix --libdir=/usr/lib --enable-nls --enable-clocale=gnu --enable-libstdcxx-debug --enable-libstdcxx-time=yes --with-default-libstdcxx-abi=new --enable-gnu-unique-object --disable-vtable-verify --enable-plugin --enable-default-pie --with-system-zlib --with-target-system-zlib=auto --enable-objc-gc=auto --enable-multiarch --disable-werror --with-arch-32=i686 --with-abi=m64 --with-multilib-list=m32,m64,mx32 --enable-multilib --with-tune=generic --enable-offload-targets=nvptx-none=/build/gcc-9-HskZEa/gcc-9-9.3.0/debian/tmp-nvptx/usr,hsa --without-cuda-driver --enable-checking=release --build=x86_64-linux-gnu --host=x86_64-linux-gnu --target=x86_64-linux-gnu
Thread model: posix
gcc version 9.3.0 (Ubuntu 9.3.0-17ubuntu1~20.04) 
configure:3679: $? = 0
configure:3668: gcc -V >&5
gcc: error: unrecognized command line option '-V'
gcc: fatal error: no input files
compilation terminated.
configure:3679: $? = 1
configure:3668: gcc -qversion >&5
gcc: error: unrecognized command line option '-qversion'; did you mean '--version'?
gcc: fatal error: no input files
compilation terminated.
configure:3679: $? = 1
configure:3699: checking whether the C compiler works
configure:3721: gcc    conftest.c  >&5
configure:3725: $? = 0
configure:3773: result: yes
configure:3776: checking for C compiler default output file name
configure:3778: result: a.out
configure:3784: checking for suffix of executables
configure:3791: gcc -o conftest    conftest.c  >&5
configure:3795: $? = 0
configure:3817: result: 
configure:3839: checking whether we are cross compiling
configure:3847: gcc -o conftest    conftest.c  >&5
configure:3851: $? = 0
configure:3858: ./conftest
configure:3862: $? = 0
configure:3850: result: no
configure:3855: checking for suffix of object files
configure:3877: gcc -c   conftest.c >&5
configure:3881: $? = 0
configure:3902: result: o
configure:3906: checking whether we are using the GNU C compiler
configure:3925: gcc -c   conftest.c >&5
configure:3925: $? = 0
configure:3934: result: yes
configure:3943: checking whether gcc accepts -g
configure:3963: gcc -c -g  conftest.c >&5
configure:3963: $? = 0
configure:4004: result: yes
configure:4021: checking for gcc option to accept ISO C89
configure:4084: gcc  -c -g -O2  conftest.c >&5
configure:4084: $? = 0
configure:4097: result: none needed
configure:4122: checking whether gcc understands -c and -o together
configure:4144: gcc -c conftest.c -o conftest2.o
configure:4147: $? = 0
configure:4144: gcc -c conftest.c -o conftest2.o
configure:4147: $? = 0
configure:4159: result: yes
configure:4187: checking for style of include used by make
configure:4215: result: GNU
configure:4241: checking dependency style of gcc
configure:4352: result: gcc3
configure:4372: checking how to run the C preprocessor
configure:4403: gcc -E  conftest.c
configure:4403: $? = 0
configure:4417: gcc -E  conftest.c
conftest.c:11:10: fatal error: ac_nonexistent.h: No such file or directory
   11 | #include <ac_nonexistent.h>
      |          ^~~~~~~~~~~~~~~~~~
compilation terminated.
configure:4417: $? = 1
configure: failed program was:
| /* confdefs.h */
| #define PACKAGE_NAME "glog"
| #define PACKAGE_TARNAME "glog"
| #define PACKAGE_VERSION "0.3.4"
| #define PACKAGE_STRING "glog 0.3.4"
| #define PACKAGE_BUGREPORT "opensource@google.com"
| #define PACKAGE_URL ""
| #define PACKAGE "glog"
| #define VERSION "0.3.4"
| /* end confdefs.h.  */
| #include <ac_nonexistent.h>
configure:4442: result: gcc -E
configure:4462: gcc -E  conftest.c
configure:4462: $? = 0
configure:4476: gcc -E  conftest.c
conftest.c:11:10: fatal error: ac_nonexistent.h: No such file or directory
   11 | #include <ac_nonexistent.h>
      |          ^~~~~~~~~~~~~~~~~~
compilation terminated.
configure:4476: $? = 1
configure: failed program was:
| /* confdefs.h */
| #define PACKAGE_NAME "glog"
| #define PACKAGE_TARNAME "glog"
| #define PACKAGE_VERSION "0.3.4"
| #define PACKAGE_STRING "glog 0.3.4"
| #define PACKAGE_BUGREPORT "opensource@google.com"
| #define PACKAGE_URL ""
| #define PACKAGE "glog"
| #define VERSION "0.3.4"
| /* end confdefs.h.  */
| #include <ac_nonexistent.h>
configure:4562: checking for g++
configure:4578: found /usr/bin/g++
configure:4589: result: g++
configure:4616: checking for C++ compiler version
configure:4625: g++ --version >&5
g++ (Ubuntu 9.3.0-17ubuntu1~20.04) 9.3.0
Copyright (C) 2019 Free Software Foundation, Inc.
This is free software; see the source for copying conditions.  There is NO
warranty; not even for MERCHANTABILITY or FITNESS FOR A PARTICULAR PURPOSE.

configure:4636: $? = 0
configure:4625: g++ -v >&5
Using built-in specs.
COLLECT_GCC=g++
COLLECT_LTO_WRAPPER=/usr/lib/gcc/x86_64-linux-gnu/9/lto-wrapper
OFFLOAD_TARGET_NAMES=nvptx-none:hsa
OFFLOAD_TARGET_DEFAULT=1
Target: x86_64-linux-gnu
Configured with: ../src/configure -v --with-pkgversion='Ubuntu 9.3.0-17ubuntu1~20.04' --with-bugurl=file:///usr/share/doc/gcc-9/README.Bugs --enable-languages=c,ada,c++,go,brig,d,fortran,objc,obj-c++,gm2 --prefix=/usr --with-gcc-major-version-only --program-suffix=-9 --program-prefix=x86_64-linux-gnu- --enable-shared --enable-linker-build-id --libexecdir=/usr/lib --without-included-gettext --enable-threads=posix --libdir=/usr/lib --enable-nls --enable-clocale=gnu --enable-libstdcxx-debug --enable-libstdcxx-time=yes --with-default-libstdcxx-abi=new --enable-gnu-unique-object --disable-vtable-verify --enable-plugin --enable-default-pie --with-system-zlib --with-target-system-zlib=auto --enable-objc-gc=auto --enable-multiarch --disable-werror --with-arch-32=i686 --with-abi=m64 --with-multilib-list=m32,m64,mx32 --enable-multilib --with-tune=generic --enable-offload-targets=nvptx-none=/build/gcc-9-HskZEa/gcc-9-9.3.0/debian/tmp-nvptx/usr,hsa --without-cuda-driver --enable-checking=release --build=x86_64-linux-gnu --host=x86_64-linux-gnu --target=x86_64-linux-gnu
Thread model: posix
gcc version 9.3.0 (Ubuntu 9.3.0-17ubuntu1~20.04) 
configure:4636: $? = 0
configure:4625: g++ -V >&5
g++: error: unrecognized command line option '-V'
g++: fatal error: no input files
compilation terminated.
configure:4636: $? = 1
configure:4625: g++ -qversion >&5
g++: error: unrecognized command line option '-qversion'; did you mean '--version'?
g++: fatal error: no input files
compilation terminated.
configure:4636: $? = 1
configure:4640: checking whether we are using the GNU C++ compiler
configure:4659: g++ -c   conftest.cpp >&5
configure:4659: $? = 0
configure:4668: result: yes
configure:4677: checking whether g++ accepts -g
configure:4697: g++ -c -g  conftest.cpp >&5
configure:4697: $? = 0
configure:4738: result: yes
configure:4763: checking dependency style of g++
configure:4874: result: gcc3
configure:4927: checking build system type
configure:4941: result: x86_64-unknown-linux-gnu
configure:4961: checking host system type
configure:4974: result: x86_64-unknown-linux-gnu
configure:5015: checking how to print strings
configure:5042: result: printf
configure:5063: checking for a sed that does not truncate output
configure:5127: result: /usr/bin/sed
configure:5145: checking for grep that handles long lines and -e
configure:5203: result: /usr/bin/grep
configure:5208: checking for egrep
configure:5270: result: /usr/bin/grep -E
configure:5275: checking for fgrep
configure:5337: result: /usr/bin/grep -F
configure:5372: checking for ld used by gcc
configure:5439: result: /usr/bin/ld
configure:5446: checking if the linker (/usr/bin/ld) is GNU ld
configure:5461: result: yes
configure:5473: checking for BSD- or MS-compatible name lister (nm)
configure:5522: result: /usr/bin/nm -B
configure:5652: checking the name lister (/usr/bin/nm -B) interface
configure:5659: g++ -c -g -O2  conftest.cpp >&5
configure:5662: /usr/bin/nm -B "conftest.o"
configure:5665: output
0000000000000000 B some_variable
configure:5666: result: BSD nm
configure:5669: checking whether ln -s works
configure:5673: result: yes
configure:5681: checking the maximum length of command line arguments
configure:5811: result: 1572864
configure:5828: checking whether the shell understands some XSI constructs
configure:5837: result: yes
configure:5841: checking whether the shell understands "+="
configure:5845: result: yes
configure:5880: checking how to convert x86_64-unknown-linux-gnu file names to x86_64-unknown-linux-gnu format
configure:5920: result: func_convert_file_noop
configure:5927: checking how to convert x86_64-unknown-linux-gnu file names to toolchain format
configure:5947: result: func_convert_file_noop
configure:5954: checking for /usr/bin/ld option to reload object files
configure:5961: result: -r
configure:6035: checking for objdump
configure:6051: found /usr/bin/objdump
configure:6062: result: objdump
configure:6094: checking how to recognize dependent libraries
configure:6296: result: pass_all
configure:6381: checking for dlltool
configure:6411: result: no
configure:6441: checking how to associate runtime and link libraries
configure:6468: result: printf %s\n
configure:6529: checking for ar
configure:6545: found /usr/bin/ar
configure:6556: result: ar
configure:6593: checking for archiver @FILE support
configure:6610: g++ -c -g -O2  conftest.cpp >&5
configure:6610: $? = 0
configure:6613: ar cru libconftest.a @conftest.lst >&5
ar: `u' modifier ignored since `D' is the default (see `U')
configure:6616: $? = 0
configure:6621: ar cru libconftest.a @conftest.lst >&5
ar: `u' modifier ignored since `D' is the default (see `U')
ar: conftest.o: No such file or directory
configure:6624: $? = 1
configure:6623: result: @
configure:6681: checking for strip
configure:6697: found /usr/bin/strip
configure:6708: result: strip
configure:6780: checking for ranlib
configure:6796: found /usr/bin/ranlib
configure:6807: result: ranlib
configure:6909: checking command to parse /usr/bin/nm -B output from gcc object
configure:7029: g++ -c -g -O2  conftest.cpp >&5
configure:7032: $? = 0
configure:7036: /usr/bin/nm -B conftest.o \| sed -n -e 's/^.*[ ]\([ABCDGIRSTW][ABCDGIRSTW]*\)[ ][ ]*\([_A-Za-z][_A-Za-z0-9]*\)$/\1 \2 \2/p' | sed '/ __gnu_lto/d' \> conftest.nm
configure:7039: $? = 0
configure:7105: g++ -o conftest -g -O2   conftest.cpp conftstm.o >&5
configure:7108: $? = 0
configure:7146: result: ok
configure:7183: checking for sysroot
configure:7213: result: no
configure:7291: g++ -c -g -O2  conftest.cpp >&5
configure:7294: $? = 0
configure:7470: checking for mt
configure:7486: found /usr/bin/mt
configure:7497: result: mt
configure:7520: checking if mt is a manifest tool
configure:7526: mt '-?'
configure:7534: result: no
configure:8172: checking for ANSI C header files
configure:8192: g++ -c -g -O2  conftest.cpp >&5
configure:8192: $? = 0
./configure: line 8206: conftest.cpp: command not found
configure:8276: result: no
configure:8289: checking for sys/types.h
configure:8289: g++ -c -g -O2  conftest.cpp >&5
configure:8289: $? = 0
configure:8289: result: yes
configure:8289: checking for sys/stat.h
configure:8289: g++ -c -g -O2  conftest.cpp >&5
configure:8289: $? = 0
configure:8289: result: yes
configure:8289: checking for stdlib.h
configure:8289: g++ -c -g -O2  conftest.cpp >&5
configure:8289: $? = 0
configure:8289: result: yes
configure:8289: checking for string.h
configure:8289: g++ -c -g -O2  conftest.cpp >&5
configure:8289: $? = 0
configure:8289: result: yes
configure:8289: checking for memory.h
configure:8289: g++ -c -g -O2  conftest.cpp >&5
configure:8289: $? = 0
configure:8289: result: yes
configure:8289: checking for strings.h
configure:8289: g++ -c -g -O2  conftest.cpp >&5
configure:8289: $? = 0
configure:8289: result: yes
configure:8289: checking for inttypes.h
configure:8289: g++ -c -g -O2  conftest.cpp >&5
configure:8289: $? = 0
configure:8289: result: yes
configure:8289: checking for stdint.h
configure:8289: g++ -c -g -O2  conftest.cpp >&5
configure:8289: $? = 0
configure:8289: result: yes
configure:8289: checking for unistd.h
configure:8289: g++ -c -g -O2  conftest.cpp >&5
configure:8289: $? = 0
configure:8289: result: yes
configure:8303: checking for dlfcn.h
configure:8303: g++ -c -g -O2  conftest.cpp >&5
configure:8303: $? = 0
configure:8303: result: yes
configure:8519: checking for objdir
configure:8534: result: .libs
configure:8805: checking if gcc supports -fno-rtti -fno-exceptions
configure:8823: gcc -c -g -O2  -fno-rtti -fno-exceptions conftest.c >&5
cc1: warning: command line option '-fno-rtti' is valid for C++/D/ObjC++ but not for C
configure:8827: $? = 0
configure:8840: result: no
configure:9167: checking for gcc option to produce PIC
configure:9174: result: -fPIC -DPIC
configure:9182: checking if gcc PIC flag -fPIC -DPIC works
configure:9200: gcc -c -g -O2  -fPIC -DPIC -DPIC conftest.c >&5
configure:9204: $? = 0
configure:9217: result: yes
configure:9246: checking if gcc static flag -static works
configure:9274: result: yes
configure:9289: checking if gcc supports -c -o file.o
configure:9310: gcc -c -g -O2  -o out/conftest2.o conftest.c >&5
configure:9314: $? = 0
configure:9336: result: yes
configure:9344: checking if gcc supports -c -o file.o
configure:9391: result: yes
configure:9424: checking whether the gcc linker (/usr/bin/ld -m elf_x86_64) supports shared libraries
configure:10581: result: yes
configure:10618: checking whether -lc should be explicitly linked in
configure:10626: gcc -c -g -O2  conftest.c >&5
configure:10629: $? = 0
configure:10644: gcc -shared  -fPIC -DPIC conftest.o  -v -Wl,-soname -Wl,conftest -o conftest 2\>\&1 \| /usr/bin/grep  -lc  \>/dev/null 2\>\&1
configure:10647: $? = 0
configure:10661: result: no
configure:10821: checking dynamic linker characteristics
configure:11332: gcc -o conftest -g -O2   -Wl,-rpath -Wl,/foo conftest.c  >&5
configure:11332: $? = 0
configure:11566: result: GNU/Linux ld.so
configure:11673: checking how to hardcode library paths into programs
configure:11698: result: immediate
configure:12238: checking whether stripping libraries is possible
configure:12243: result: yes
configure:12278: checking if libtool supports shared libraries
configure:12280: result: yes
configure:12283: checking whether to build shared libraries
configure:12304: result: yes
configure:12307: checking whether to build static libraries
configure:12311: result: yes
configure:9328: checking how to run the C++ preprocessor
configure:9355: g++ -E  conftest.cpp
configure:9355: $? = 0
configure:9369: g++ -E  conftest.cpp
conftest.cpp:22:10: fatal error: ac_nonexistent.h: No such file or directory
   22 | #include <ac_nonexistent.h>
      |          ^~~~~~~~~~~~~~~~~~
compilation terminated.
configure:9369: $? = 1
configure: failed program was:
| /* confdefs.h */
| #define PACKAGE_NAME "glog"
| #define PACKAGE_TARNAME "glog"
| #define PACKAGE_VERSION "0.3.4"
| #define PACKAGE_STRING "glog 0.3.4"
| #define PACKAGE_BUGREPORT "opensource@google.com"
| #define PACKAGE_URL ""
| #define PACKAGE "glog"
| #define VERSION "0.3.4"
| #define HAVE_SYS_TYPES_H 1
| #define HAVE_SYS_STAT_H 1
| #define HAVE_STDLIB_H 1
| #define HAVE_STRING_H 1
| #define HAVE_MEMORY_H 1
| #define HAVE_STRINGS_H 1
| #define HAVE_INTTYPES_H 1
| #define HAVE_STDINT_H 1
| #define HAVE_UNISTD_H 1
| #define HAVE_DLFCN_H 1
| #define LT_OBJDIR ".libs/"
| /* end confdefs.h.  */
| #include <ac_nonexistent.h>
configure:9394: result: g++ -E
configure:9414: g++ -E  conftest.cpp
configure:9414: $? = 0
configure:9428: g++ -E  conftest.cpp
conftest.cpp:22:10: fatal error: ac_nonexistent.h: No such file or directory
   22 | #include <ac_nonexistent.h>
      |          ^~~~~~~~~~~~~~~~~~
compilation terminated.
configure:9428: $? = 1
configure: failed program was:
| /* confdefs.h */
| #define PACKAGE_NAME "glog"
| #define PACKAGE_TARNAME "glog"
| #define PACKAGE_VERSION "0.3.4"
| #define PACKAGE_STRING "glog 0.3.4"
| #define PACKAGE_BUGREPORT "opensource@google.com"
| #define PACKAGE_URL ""
| #define PACKAGE "glog"
| #define VERSION "0.3.4"
| #define HAVE_SYS_TYPES_H 1
| #define HAVE_SYS_STAT_H 1
| #define HAVE_STDLIB_H 1
| #define HAVE_STRING_H 1
| #define HAVE_MEMORY_H 1
| #define HAVE_STRINGS_H 1
| #define HAVE_INTTYPES_H 1
| #define HAVE_STDINT_H 1
| #define HAVE_UNISTD_H 1
| #define HAVE_DLFCN_H 1
| #define LT_OBJDIR ".libs/"
| /* end confdefs.h.  */
| #include <ac_nonexistent.h>
configure:9597: checking for ld used by g++
configure:9664: result: /usr/bin/ld -m elf_x86_64
configure:9671: checking if the linker (/usr/bin/ld -m elf_x86_64) is GNU ld
configure:9686: result: yes
configure:9741: checking whether the g++ linker (/usr/bin/ld -m elf_x86_64) supports shared libraries
configure:10746: result: yes
configure:10782: g++ -c -g -O2  conftest.cpp >&5
configure:10785: $? = 0
configure:11305: checking for g++ option to produce PIC
configure:11312: result: -fPIC -DPIC
configure:11320: checking if g++ PIC flag -fPIC -DPIC works
configure:11338: g++ -c -g -O2  -fPIC -DPIC -DPIC conftest.cpp >&5
configure:11342: $? = 0
configure:11355: result: yes
configure:11378: checking if g++ static flag -static works
configure:11406: result: yes
configure:11418: checking if g++ supports -c -o file.o
configure:11439: g++ -c -g -O2  -o out/conftest2.o conftest.cpp >&5
configure:11443: $? = 0
configure:11465: result: yes
configure:11470: checking if g++ supports -c -o file.o
configure:11517: result: yes
configure:11547: checking whether the g++ linker (/usr/bin/ld -m elf_x86_64) supports shared libraries
configure:11586: result: yes
configure:11727: checking dynamic linker characteristics
configure:12406: result: GNU/Linux ld.so
configure:12459: checking how to hardcode library paths into programs
configure:12484: result: immediate
configure:11474: checking for ANSI C header files
configure:11578: result: no
configure:11588: checking for stdint.h
configure:11588: result: yes
configure:11596: checking for sys/types.h
configure:11596: result: yes
configure:11604: checking for inttypes.h
configure:11604: result: yes
configure:11614: checking for unistd.h
configure:11614: result: yes
configure:11628: checking syscall.h usability
configure:11628: g++ -c -g -O2  conftest.cpp >&5
configure:11628: $? = 0
configure:11628: result: yes
configure:11628: checking syscall.h presence
configure:11628: g++ -E  conftest.cpp
configure:11628: $? = 0
configure:11628: result: yes
configure:11628: checking for syscall.h
configure:11628: result: yes
configure:11640: checking sys/syscall.h usability
configure:11640: g++ -c -g -O2  conftest.cpp >&5
configure:11640: $? = 0
configure:11640: result: yes
configure:11640: checking sys/syscall.h presence
configure:11640: g++ -E  conftest.cpp
configure:11640: $? = 0
configure:11640: result: yes
configure:11640: checking for sys/syscall.h
configure:11640: result: yes
configure:11653: checking execinfo.h usability
configure:11653: g++ -c -g -O2  conftest.cpp >&5
configure:11653: $? = 0
configure:11653: result: yes
configure:11653: checking execinfo.h presence
configure:11653: g++ -E  conftest.cpp
configure:11653: $? = 0
configure:11653: result: yes
configure:11653: checking for execinfo.h
configure:11653: result: yes
configure:11666: checking libunwind.h usability
configure:11666: g++ -c -g -O2  conftest.cpp >&5
conftest.cpp:59:10: fatal error: libunwind.h: No such file or directory
   59 | #include <libunwind.h>
      |          ^~~~~~~~~~~~~
compilation terminated.
configure:11666: $? = 1
configure: failed program was:
| /* confdefs.h */
| #define PACKAGE_NAME "glog"
| #define PACKAGE_TARNAME "glog"
| #define PACKAGE_VERSION "0.3.4"
| #define PACKAGE_STRING "glog 0.3.4"
| #define PACKAGE_BUGREPORT "opensource@google.com"
| #define PACKAGE_URL ""
| #define PACKAGE "glog"
| #define VERSION "0.3.4"
| #define HAVE_SYS_TYPES_H 1
| #define HAVE_SYS_STAT_H 1
| #define HAVE_STDLIB_H 1
| #define HAVE_STRING_H 1
| #define HAVE_MEMORY_H 1
| #define HAVE_STRINGS_H 1
| #define HAVE_INTTYPES_H 1
| #define HAVE_STDINT_H 1
| #define HAVE_UNISTD_H 1
| #define HAVE_DLFCN_H 1
| #define LT_OBJDIR ".libs/"
| #define HAVE_UNISTD_H 1
| #define HAVE_SYSCALL_H 1
| #define HAVE_SYS_SYSCALL_H 1
| #define HAVE_EXECINFO_H 1
| /* end confdefs.h.  */
| #include <stdio.h>
| #ifdef HAVE_SYS_TYPES_H
| # include <sys/types.h>
| #endif
| #ifdef HAVE_SYS_STAT_H
| # include <sys/stat.h>
| #endif
| #ifdef STDC_HEADERS
| # include <stdlib.h>
| # include <stddef.h>
| #else
| # ifdef HAVE_STDLIB_H
| #  include <stdlib.h>
| # endif
| #endif
| #ifdef HAVE_STRING_H
| # if !defined STDC_HEADERS && defined HAVE_MEMORY_H
| #  include <memory.h>
| # endif
| # include <string.h>
| #endif
| #ifdef HAVE_STRINGS_H
| # include <strings.h>
| #endif
| #ifdef HAVE_INTTYPES_H
| # include <inttypes.h>
| #endif
| #ifdef HAVE_STDINT_H
| # include <stdint.h>
| #endif
| #ifdef HAVE_UNISTD_H
| # include <unistd.h>
| #endif
| #include <libunwind.h>
configure:11666: result: no
configure:11666: checking libunwind.h presence
configure:11666: g++ -E  conftest.cpp
conftest.cpp:26:10: fatal error: libunwind.h: No such file or directory
   26 | #include <libunwind.h>
      |          ^~~~~~~~~~~~~
compilation terminated.
configure:11666: $? = 1
configure: failed program was:
| /* confdefs.h */
| #define PACKAGE_NAME "glog"
| #define PACKAGE_TARNAME "glog"
| #define PACKAGE_VERSION "0.3.4"
| #define PACKAGE_STRING "glog 0.3.4"
| #define PACKAGE_BUGREPORT "opensource@google.com"
| #define PACKAGE_URL ""
| #define PACKAGE "glog"
| #define VERSION "0.3.4"
| #define HAVE_SYS_TYPES_H 1
| #define HAVE_SYS_STAT_H 1
| #define HAVE_STDLIB_H 1
| #define HAVE_STRING_H 1
| #define HAVE_MEMORY_H 1
| #define HAVE_STRINGS_H 1
| #define HAVE_INTTYPES_H 1
| #define HAVE_STDINT_H 1
| #define HAVE_UNISTD_H 1
| #define HAVE_DLFCN_H 1
| #define LT_OBJDIR ".libs/"
| #define HAVE_UNISTD_H 1
| #define HAVE_SYSCALL_H 1
| #define HAVE_SYS_SYSCALL_H 1
| #define HAVE_EXECINFO_H 1
| /* end confdefs.h.  */
| #include <libunwind.h>
configure:11666: result: no
configure:11666: checking for libunwind.h
configure:11666: result: no
configure:11680: checking ucontext.h usability
configure:11680: g++ -c -g -O2  conftest.cpp >&5
configure:11680: $? = 0
configure:11680: result: yes
configure:11680: checking ucontext.h presence
configure:11680: g++ -E  conftest.cpp
configure:11680: $? = 0
configure:11680: result: yes
configure:11680: checking for ucontext.h
configure:11680: result: yes
configure:11692: checking sys/utsname.h usability
configure:11692: g++ -c -g -O2  conftest.cpp >&5
configure:11692: $? = 0
configure:11692: result: yes
configure:11692: checking sys/utsname.h presence
configure:11692: g++ -E  conftest.cpp
configure:11692: $? = 0
configure:11692: result: yes
configure:11692: checking for sys/utsname.h
configure:11692: result: yes
configure:11704: checking pwd.h usability
configure:11704: g++ -c -g -O2  conftest.cpp >&5
configure:11704: $? = 0
configure:11704: result: yes
configure:11704: checking pwd.h presence
configure:11704: g++ -E  conftest.cpp
configure:11704: $? = 0
configure:11704: result: yes
configure:11704: checking for pwd.h
configure:11704: result: yes
configure:11716: checking syslog.h usability
configure:11716: g++ -c -g -O2  conftest.cpp >&5
configure:11716: $? = 0
configure:11716: result: yes
configure:11716: checking syslog.h presence
configure:11716: g++ -E  conftest.cpp
configure:11716: $? = 0
configure:11716: result: yes
configure:11716: checking for syslog.h
configure:11716: result: yes
configure:11728: checking sys/time.h usability
configure:11728: g++ -c -g -O2  conftest.cpp >&5
configure:11728: $? = 0
configure:11728: result: yes
configure:11728: checking sys/time.h presence
configure:11728: g++ -E  conftest.cpp
configure:11728: $? = 0
configure:11728: result: yes
configure:11728: checking for sys/time.h
configure:11728: result: yes
configure:11740: checking glob.h usability
configure:11740: g++ -c -g -O2  conftest.cpp >&5
configure:11740: $? = 0
configure:11740: result: yes
configure:11740: checking glob.h presence
configure:11740: g++ -E  conftest.cpp
configure:11740: $? = 0
configure:11740: result: yes
configure:11740: checking for glob.h
configure:11740: result: yes
configure:11753: checking unwind.h usability
configure:11753: g++ -c -g -O2  conftest.cpp >&5
configure:11753: $? = 0
configure:11753: result: yes
configure:11753: checking unwind.h presence
configure:11753: g++ -E  conftest.cpp
configure:11753: $? = 0
configure:11753: result: yes
configure:11753: checking for unwind.h
configure:11753: result: yes
configure:11764: checking windows.h usability
configure:11764: g++ -c -g -O2  conftest.cpp >&5
conftest.cpp:66:10: fatal error: windows.h: No such file or directory
   66 | #include <windows.h>
      |          ^~~~~~~~~~~
compilation terminated.
configure:11764: $? = 1
configure: failed program was:
| /* confdefs.h */
| #define PACKAGE_NAME "glog"
| #define PACKAGE_TARNAME "glog"
| #define PACKAGE_VERSION "0.3.4"
| #define PACKAGE_STRING "glog 0.3.4"
| #define PACKAGE_BUGREPORT "opensource@google.com"
| #define PACKAGE_URL ""
| #define PACKAGE "glog"
| #define VERSION "0.3.4"
| #define HAVE_SYS_TYPES_H 1
| #define HAVE_SYS_STAT_H 1
| #define HAVE_STDLIB_H 1
| #define HAVE_STRING_H 1
| #define HAVE_MEMORY_H 1
| #define HAVE_STRINGS_H 1
| #define HAVE_INTTYPES_H 1
| #define HAVE_STDINT_H 1
| #define HAVE_UNISTD_H 1
| #define HAVE_DLFCN_H 1
| #define LT_OBJDIR ".libs/"
| #define HAVE_UNISTD_H 1
| #define HAVE_SYSCALL_H 1
| #define HAVE_SYS_SYSCALL_H 1
| #define HAVE_EXECINFO_H 1
| #define HAVE_UCONTEXT_H 1
| #define HAVE_SYS_UTSNAME_H 1
| #define HAVE_PWD_H 1
| #define HAVE_SYSLOG_H 1
| #define HAVE_SYS_TIME_H 1
| #define HAVE_GLOB_H 1
| #define HAVE_UNWIND_H 1
| /* end confdefs.h.  */
| #include <stdio.h>
| #ifdef HAVE_SYS_TYPES_H
| # include <sys/types.h>
| #endif
| #ifdef HAVE_SYS_STAT_H
| # include <sys/stat.h>
| #endif
| #ifdef STDC_HEADERS
| # include <stdlib.h>
| # include <stddef.h>
| #else
| # ifdef HAVE_STDLIB_H
| #  include <stdlib.h>
| # endif
| #endif
| #ifdef HAVE_STRING_H
| # if !defined STDC_HEADERS && defined HAVE_MEMORY_H
| #  include <memory.h>
| # endif
| # include <string.h>
| #endif
| #ifdef HAVE_STRINGS_H
| # include <strings.h>
| #endif
| #ifdef HAVE_INTTYPES_H
| # include <inttypes.h>
| #endif
| #ifdef HAVE_STDINT_H
| # include <stdint.h>
| #endif
| #ifdef HAVE_UNISTD_H
| # include <unistd.h>
| #endif
| #include <windows.h>
configure:11764: result: no
configure:11764: checking windows.h presence
configure:11764: g++ -E  conftest.cpp
conftest.cpp:33:10: fatal error: windows.h: No such file or directory
   33 | #include <windows.h>
      |          ^~~~~~~~~~~
compilation terminated.
configure:11764: $? = 1
configure: failed program was:
| /* confdefs.h */
| #define PACKAGE_NAME "glog"
| #define PACKAGE_TARNAME "glog"
| #define PACKAGE_VERSION "0.3.4"
| #define PACKAGE_STRING "glog 0.3.4"
| #define PACKAGE_BUGREPORT "opensource@google.com"
| #define PACKAGE_URL ""
| #define PACKAGE "glog"
| #define VERSION "0.3.4"
| #define HAVE_SYS_TYPES_H 1
| #define HAVE_SYS_STAT_H 1
| #define HAVE_STDLIB_H 1
| #define HAVE_STRING_H 1
| #define HAVE_MEMORY_H 1
| #define HAVE_STRINGS_H 1
| #define HAVE_INTTYPES_H 1
| #define HAVE_STDINT_H 1
| #define HAVE_UNISTD_H 1
| #define HAVE_DLFCN_H 1
| #define LT_OBJDIR ".libs/"
| #define HAVE_UNISTD_H 1
| #define HAVE_SYSCALL_H 1
| #define HAVE_SYS_SYSCALL_H 1
| #define HAVE_EXECINFO_H 1
| #define HAVE_UCONTEXT_H 1
| #define HAVE_SYS_UTSNAME_H 1
| #define HAVE_PWD_H 1
| #define HAVE_SYSLOG_H 1
| #define HAVE_SYS_TIME_H 1
| #define HAVE_GLOB_H 1
| #define HAVE_UNWIND_H 1
| /* end confdefs.h.  */
| #include <windows.h>
configure:11764: result: no
configure:11764: checking for windows.h
configure:11764: result: no
configure:11780: checking size of void *
configure:11785: g++ -o conftest -g -O2   conftest.cpp  >&5
configure:11785: $? = 0
configure:11785: ./conftest
configure:11785: $? = 0
configure:11799: result: 8
configure:11812: checking for uint16_t
configure:11812: g++ -c -g -O2  conftest.cpp >&5
configure:11812: $? = 0
configure:11812: g++ -c -g -O2  conftest.cpp >&5
conftest.cpp: In function 'int main()':
conftest.cpp:70:22: error: expected primary-expression before ')' token
   70 | if (sizeof ((uint16_t)))
      |                      ^
configure:11812: $? = 1
configure: failed program was:
| /* confdefs.h */
| #define PACKAGE_NAME "glog"
| #define PACKAGE_TARNAME "glog"
| #define PACKAGE_VERSION "0.3.4"
| #define PACKAGE_STRING "glog 0.3.4"
| #define PACKAGE_BUGREPORT "opensource@google.com"
| #define PACKAGE_URL ""
| #define PACKAGE "glog"
| #define VERSION "0.3.4"
| #define HAVE_SYS_TYPES_H 1
| #define HAVE_SYS_STAT_H 1
| #define HAVE_STDLIB_H 1
| #define HAVE_STRING_H 1
| #define HAVE_MEMORY_H 1
| #define HAVE_STRINGS_H 1
| #define HAVE_INTTYPES_H 1
| #define HAVE_STDINT_H 1
| #define HAVE_UNISTD_H 1
| #define HAVE_DLFCN_H 1
| #define LT_OBJDIR ".libs/"
| #define HAVE_UNISTD_H 1
| #define HAVE_SYSCALL_H 1
| #define HAVE_SYS_SYSCALL_H 1
| #define HAVE_EXECINFO_H 1
| #define HAVE_UCONTEXT_H 1
| #define HAVE_SYS_UTSNAME_H 1
| #define HAVE_PWD_H 1
| #define HAVE_SYSLOG_H 1
| #define HAVE_SYS_TIME_H 1
| #define HAVE_GLOB_H 1
| #define HAVE_UNWIND_H 1
| #define SIZEOF_VOID_P 8
| /* end confdefs.h.  */
| #include <stdio.h>
| #ifdef HAVE_SYS_TYPES_H
| # include <sys/types.h>
| #endif
| #ifdef HAVE_SYS_STAT_H
| # include <sys/stat.h>
| #endif
| #ifdef STDC_HEADERS
| # include <stdlib.h>
| # include <stddef.h>
| #else
| # ifdef HAVE_STDLIB_H
| #  include <stdlib.h>
| # endif
| #endif
| #ifdef HAVE_STRING_H
| # if !defined STDC_HEADERS && defined HAVE_MEMORY_H
| #  include <memory.h>
| # endif
| # include <string.h>
| #endif
| #ifdef HAVE_STRINGS_H
| # include <strings.h>
| #endif
| #ifdef HAVE_INTTYPES_H
| # include <inttypes.h>
| #endif
| #ifdef HAVE_STDINT_H
| # include <stdint.h>
| #endif
| #ifdef HAVE_UNISTD_H
| # include <unistd.h>
| #endif
| int
| main ()
| {
| if (sizeof ((uint16_t)))
| 	    return 0;
|   ;
|   return 0;
| }
configure:11812: result: yes
configure:11819: checking for u_int16_t
configure:11819: g++ -c -g -O2  conftest.cpp >&5
configure:11819: $? = 0
configure:11819: g++ -c -g -O2  conftest.cpp >&5
conftest.cpp: In function 'int main()':
conftest.cpp:70:23: error: expected primary-expression before ')' token
   70 | if (sizeof ((u_int16_t)))
      |                       ^
configure:11819: $? = 1
configure: failed program was:
| /* confdefs.h */
| #define PACKAGE_NAME "glog"
| #define PACKAGE_TARNAME "glog"
| #define PACKAGE_VERSION "0.3.4"
| #define PACKAGE_STRING "glog 0.3.4"
| #define PACKAGE_BUGREPORT "opensource@google.com"
| #define PACKAGE_URL ""
| #define PACKAGE "glog"
| #define VERSION "0.3.4"
| #define HAVE_SYS_TYPES_H 1
| #define HAVE_SYS_STAT_H 1
| #define HAVE_STDLIB_H 1
| #define HAVE_STRING_H 1
| #define HAVE_MEMORY_H 1
| #define HAVE_STRINGS_H 1
| #define HAVE_INTTYPES_H 1
| #define HAVE_STDINT_H 1
| #define HAVE_UNISTD_H 1
| #define HAVE_DLFCN_H 1
| #define LT_OBJDIR ".libs/"
| #define HAVE_UNISTD_H 1
| #define HAVE_SYSCALL_H 1
| #define HAVE_SYS_SYSCALL_H 1
| #define HAVE_EXECINFO_H 1
| #define HAVE_UCONTEXT_H 1
| #define HAVE_SYS_UTSNAME_H 1
| #define HAVE_PWD_H 1
| #define HAVE_SYSLOG_H 1
| #define HAVE_SYS_TIME_H 1
| #define HAVE_GLOB_H 1
| #define HAVE_UNWIND_H 1
| #define SIZEOF_VOID_P 8
| /* end confdefs.h.  */
| #include <stdio.h>
| #ifdef HAVE_SYS_TYPES_H
| # include <sys/types.h>
| #endif
| #ifdef HAVE_SYS_STAT_H
| # include <sys/stat.h>
| #endif
| #ifdef STDC_HEADERS
| # include <stdlib.h>
| # include <stddef.h>
| #else
| # ifdef HAVE_STDLIB_H
| #  include <stdlib.h>
| # endif
| #endif
| #ifdef HAVE_STRING_H
| # if !defined STDC_HEADERS && defined HAVE_MEMORY_H
| #  include <memory.h>
| # endif
| # include <string.h>
| #endif
| #ifdef HAVE_STRINGS_H
| # include <strings.h>
| #endif
| #ifdef HAVE_INTTYPES_H
| # include <inttypes.h>
| #endif
| #ifdef HAVE_STDINT_H
| # include <stdint.h>
| #endif
| #ifdef HAVE_UNISTD_H
| # include <unistd.h>
| #endif
| int
| main ()
| {
| if (sizeof ((u_int16_t)))
| 	    return 0;
|   ;
|   return 0;
| }
configure:11819: result: yes
configure:11826: checking for __uint16
configure:11826: g++ -c -g -O2  conftest.cpp >&5
conftest.cpp: In function 'int main()':
conftest.cpp:70:13: error: '__uint16' was not declared in this scope; did you mean '__uint16_t'?
   70 | if (sizeof (__uint16))
      |             ^~~~~~~~
      |             __uint16_t
configure:11826: $? = 1
configure: failed program was:
| /* confdefs.h */
| #define PACKAGE_NAME "glog"
| #define PACKAGE_TARNAME "glog"
| #define PACKAGE_VERSION "0.3.4"
| #define PACKAGE_STRING "glog 0.3.4"
| #define PACKAGE_BUGREPORT "opensource@google.com"
| #define PACKAGE_URL ""
| #define PACKAGE "glog"
| #define VERSION "0.3.4"
| #define HAVE_SYS_TYPES_H 1
| #define HAVE_SYS_STAT_H 1
| #define HAVE_STDLIB_H 1
| #define HAVE_STRING_H 1
| #define HAVE_MEMORY_H 1
| #define HAVE_STRINGS_H 1
| #define HAVE_INTTYPES_H 1
| #define HAVE_STDINT_H 1
| #define HAVE_UNISTD_H 1
| #define HAVE_DLFCN_H 1
| #define LT_OBJDIR ".libs/"
| #define HAVE_UNISTD_H 1
| #define HAVE_SYSCALL_H 1
| #define HAVE_SYS_SYSCALL_H 1
| #define HAVE_EXECINFO_H 1
| #define HAVE_UCONTEXT_H 1
| #define HAVE_SYS_UTSNAME_H 1
| #define HAVE_PWD_H 1
| #define HAVE_SYSLOG_H 1
| #define HAVE_SYS_TIME_H 1
| #define HAVE_GLOB_H 1
| #define HAVE_UNWIND_H 1
| #define SIZEOF_VOID_P 8
| /* end confdefs.h.  */
| #include <stdio.h>
| #ifdef HAVE_SYS_TYPES_H
| # include <sys/types.h>
| #endif
| #ifdef HAVE_SYS_STAT_H
| # include <sys/stat.h>
| #endif
| #ifdef STDC_HEADERS
| # include <stdlib.h>
| # include <stddef.h>
| #else
| # ifdef HAVE_STDLIB_H
| #  include <stdlib.h>
| # endif
| #endif
| #ifdef HAVE_STRING_H
| # if !defined STDC_HEADERS && defined HAVE_MEMORY_H
| #  include <memory.h>
| # endif
| # include <string.h>
| #endif
| #ifdef HAVE_STRINGS_H
| # include <strings.h>
| #endif
| #ifdef HAVE_INTTYPES_H
| # include <inttypes.h>
| #endif
| #ifdef HAVE_STDINT_H
| # include <stdint.h>
| #endif
| #ifdef HAVE_UNISTD_H
| # include <unistd.h>
| #endif
| int
| main ()
| {
| if (sizeof (__uint16))
| 	 return 0;
|   ;
|   return 0;
| }
configure:11826: result: no
configure:11834: checking for sigaltstack
configure:11834: g++ -o conftest -g -O2   conftest.cpp  >&5
configure:11834: $? = 0
configure:11834: result: yes
configure:11841: checking for sigaction
configure:11841: g++ -o conftest -g -O2   conftest.cpp  >&5
configure:11841: $? = 0
configure:11841: result: yes
configure:11848: checking for dladdr
configure:11848: g++ -o conftest -g -O2   conftest.cpp  >&5
/usr/bin/ld: /tmp/cchn2dWg.o: in function `main':
/home/qwerty/catkin_ws/build/nbvplanner/glog_catkin/glog_src-prefix/src/glog_src/glog-0.3.4/conftest.cpp:70: undefined reference to `dladdr'
collect2: error: ld returned 1 exit status
configure:11848: $? = 1
configure: failed program was:
| /* confdefs.h */
| #define PACKAGE_NAME "glog"
| #define PACKAGE_TARNAME "glog"
| #define PACKAGE_VERSION "0.3.4"
| #define PACKAGE_STRING "glog 0.3.4"
| #define PACKAGE_BUGREPORT "opensource@google.com"
| #define PACKAGE_URL ""
| #define PACKAGE "glog"
| #define VERSION "0.3.4"
| #define HAVE_SYS_TYPES_H 1
| #define HAVE_SYS_STAT_H 1
| #define HAVE_STDLIB_H 1
| #define HAVE_STRING_H 1
| #define HAVE_MEMORY_H 1
| #define HAVE_STRINGS_H 1
| #define HAVE_INTTYPES_H 1
| #define HAVE_STDINT_H 1
| #define HAVE_UNISTD_H 1
| #define HAVE_DLFCN_H 1
| #define LT_OBJDIR ".libs/"
| #define HAVE_UNISTD_H 1
| #define HAVE_SYSCALL_H 1
| #define HAVE_SYS_SYSCALL_H 1
| #define HAVE_EXECINFO_H 1
| #define HAVE_UCONTEXT_H 1
| #define HAVE_SYS_UTSNAME_H 1
| #define HAVE_PWD_H 1
| #define HAVE_SYSLOG_H 1
| #define HAVE_SYS_TIME_H 1
| #define HAVE_GLOB_H 1
| #define HAVE_UNWIND_H 1
| #define SIZEOF_VOID_P 8
| #define HAVE_SIGALTSTACK 1
| #define HAVE_SIGACTION 1
| /* end confdefs.h.  */
| /* Define dladdr to an innocuous variant, in case <limits.h> declares dladdr.
|    For example, HP-UX 11i <limits.h> declares gettimeofday.  */
| #define dladdr innocuous_dladdr
| 
| /* System header to define __stub macros and hopefully few prototypes,
|     which can conflict with char dladdr (); below.
|     Prefer <limits.h> to <assert.h> if __STDC__ is defined, since
|     <limits.h> exists even on freestanding compilers.  */
| 
| #ifdef __STDC__
| # include <limits.h>
| #else
| # include <assert.h>
| #endif
| 
| #undef dladdr
| 
| /* Override any GCC internal prototype to avoid an error.
|    Use char because int might match the return type of a GCC
|    builtin and then its argument prototype would still apply.  */
| #ifdef __cplusplus
| extern "C"
| #endif
| char dladdr ();
| /* The GNU C library defines this for functions which it implements
|     to always fail with ENOSYS.  Some functions are actually named
|     something starting with __ and the normal name is an alias.  */
| #if defined __stub_dladdr || defined __stub___dladdr
| choke me
| #endif
| 
| int
| main ()
| {
| return dladdr ();
|   ;
|   return 0;
| }
configure:11848: result: no
configure:11855: checking for fcntl
configure:11855: g++ -o conftest -g -O2   conftest.cpp  >&5
configure:11855: $? = 0
configure:11855: result: yes
configure:11862: checking for pread
configure:11862: g++ -o conftest -g -O2   conftest.cpp  >&5
configure:11862: $? = 0
configure:11862: result: yes
configure:11869: checking for pwrite
configure:11869: g++ -o conftest -g -O2   conftest.cpp  >&5
configure:11869: $? = 0
configure:11869: result: yes
configure:11878: checking for __attribute__
configure:11897: g++ -c -g -O2  conftest.cpp >&5
configure:11897: $? = 0
configure:11911: result: yes
configure:11926: checking for __builtin_expect
configure:11943: g++ -c -g -O2  conftest.cpp >&5
configure:11943: $? = 0
configure:11957: result: yes
configure:11967: checking for __sync_val_compare_and_swap
configure:11984: g++ -o conftest -g -O2   conftest.cpp  >&5
configure:11984: $? = 0
configure:11999: result: yes
configure:12023: g++ -c -g -O2  conftest.cpp >&5
configure:12023: $? = 0
configure:12231: checking for the pthreads library -lpthreads
configure:12264: gcc -o conftest -g -O2    conftest.c -lpthreads  >&5
conftest.c: In function 'main':
conftest.c:47:22: warning: null argument where non-null required (argument 1) [-Wnonnull]
   47 |                      pthread_attr_init(0); pthread_cleanup_push(0, 0);
      |                      ^~~~~~~~~~~~~~~~~
conftest.c:48:22: warning: null argument where non-null required (argument 1) [-Wnonnull]
   48 |                      pthread_create(0,0,0,0); pthread_cleanup_pop(0);
      |                      ^~~~~~~~~~~~~~
conftest.c:48:22: warning: null argument where non-null required (argument 3) [-Wnonnull]
/usr/bin/ld: cannot find -lpthreads
collect2: error: ld returned 1 exit status
configure:12264: $? = 1
configure: failed program was:
| /* confdefs.h */
| #define PACKAGE_NAME "glog"
| #define PACKAGE_TARNAME "glog"
| #define PACKAGE_VERSION "0.3.4"
| #define PACKAGE_STRING "glog 0.3.4"
| #define PACKAGE_BUGREPORT "opensource@google.com"
| #define PACKAGE_URL ""
| #define PACKAGE "glog"
| #define VERSION "0.3.4"
| #define HAVE_SYS_TYPES_H 1
| #define HAVE_SYS_STAT_H 1
| #define HAVE_STDLIB_H 1
| #define HAVE_STRING_H 1
| #define HAVE_MEMORY_H 1
| #define HAVE_STRINGS_H 1
| #define HAVE_INTTYPES_H 1
| #define HAVE_STDINT_H 1
| #define HAVE_UNISTD_H 1
| #define HAVE_DLFCN_H 1
| #define LT_OBJDIR ".libs/"
| #define HAVE_UNISTD_H 1
| #define HAVE_SYSCALL_H 1
| #define HAVE_SYS_SYSCALL_H 1
| #define HAVE_EXECINFO_H 1
| #define HAVE_UCONTEXT_H 1
| #define HAVE_SYS_UTSNAME_H 1
| #define HAVE_PWD_H 1
| #define HAVE_SYSLOG_H 1
| #define HAVE_SYS_TIME_H 1
| #define HAVE_GLOB_H 1
| #define HAVE_UNWIND_H 1
| #define SIZEOF_VOID_P 8
| #define HAVE_SIGALTSTACK 1
| #define HAVE_SIGACTION 1
| #define HAVE_FCNTL 1
| #define HAVE_PREAD 1
| #define HAVE_PWRITE 1
| #define HAVE___ATTRIBUTE__ 1
| #define HAVE___BUILTIN_EXPECT 1
| #define HAVE___SYNC_VAL_COMPARE_AND_SWAP 1
| /* end confdefs.h.  */
| #include <pthread.h>
| int
| main ()
| {
| pthread_t th; pthread_join(th, 0);
|                      pthread_attr_init(0); pthread_cleanup_push(0, 0);
|                      pthread_create(0,0,0,0); pthread_cleanup_pop(0);
|   ;
|   return 0;
| }
configure:12273: result: no
configure:12176: checking whether pthreads work without any flags
configure:12264: gcc -o conftest -g -O2    conftest.c   >&5
conftest.c: In function 'main':
conftest.c:47:22: warning: null argument where non-null required (argument 1) [-Wnonnull]
   47 |                      pthread_attr_init(0); pthread_cleanup_push(0, 0);
      |                      ^~~~~~~~~~~~~~~~~
conftest.c:48:22: warning: null argument where non-null required (argument 1) [-Wnonnull]
   48 |                      pthread_create(0,0,0,0); pthread_cleanup_pop(0);
      |                      ^~~~~~~~~~~~~~
conftest.c:48:22: warning: null argument where non-null required (argument 3) [-Wnonnull]
/usr/bin/ld: /tmp/cc1Cklj1.o: in function `main':
/home/qwerty/catkin_ws/build/nbvplanner/glog_catkin/glog_src-prefix/src/glog_src/glog-0.3.4/conftest.c:46: undefined reference to `pthread_join'
/usr/bin/ld: /home/qwerty/catkin_ws/build/nbvplanner/glog_catkin/glog_src-prefix/src/glog_src/glog-0.3.4/conftest.c:47: undefined reference to `__pthread_register_cancel'
/usr/bin/ld: /home/qwerty/catkin_ws/build/nbvplanner/glog_catkin/glog_src-prefix/src/glog_src/glog-0.3.4/conftest.c:48: undefined reference to `pthread_create'
/usr/bin/ld: /home/qwerty/catkin_ws/build/nbvplanner/glog_catkin/glog_src-prefix/src/glog_src/glog-0.3.4/conftest.c:48: undefined reference to `__pthread_unregister_cancel'
collect2: error: ld returned 1 exit status
configure:12264: $? = 1
configure: failed program was:
| /* confdefs.h */
| #define PACKAGE_NAME "glog"
| #define PACKAGE_TARNAME "glog"
| #define PACKAGE_VERSION "0.3.4"
| #define PACKAGE_STRING "glog 0.3.4"
| #define PACKAGE_BUGREPORT "opensource@google.com"
| #define PACKAGE_URL ""
| #define PACKAGE "glog"
| #define VERSION "0.3.4"
| #define HAVE_SYS_TYPES_H 1
| #define HAVE_SYS_STAT_H 1
| #define HAVE_STDLIB_H 1
| #define HAVE_STRING_H 1
| #define HAVE_MEMORY_H 1
| #define HAVE_STRINGS_H 1
| #define HAVE_INTTYPES_H 1
| #define HAVE_STDINT_H 1
| #define HAVE_UNISTD_H 1
| #define HAVE_DLFCN_H 1
| #define LT_OBJDIR ".libs/"
| #define HAVE_UNISTD_H 1
| #define HAVE_SYSCALL_H 1
| #define HAVE_SYS_SYSCALL_H 1
| #define HAVE_EXECINFO_H 1
| #define HAVE_UCONTEXT_H 1
| #define HAVE_SYS_UTSNAME_H 1
| #define HAVE_PWD_H 1
| #define HAVE_SYSLOG_H 1
| #define HAVE_SYS_TIME_H 1
| #define HAVE_GLOB_H 1
| #define HAVE_UNWIND_H 1
| #define SIZEOF_VOID_P 8
| #define HAVE_SIGALTSTACK 1
| #define HAVE_SIGACTION 1
| #define HAVE_FCNTL 1
| #define HAVE_PREAD 1
| #define HAVE_PWRITE 1
| #define HAVE___ATTRIBUTE__ 1
| #define HAVE___BUILTIN_EXPECT 1
| #define HAVE___SYNC_VAL_COMPARE_AND_SWAP 1
| /* end confdefs.h.  */
| #include <pthread.h>
| int
| main ()
| {
| pthread_t th; pthread_join(th, 0);
|                      pthread_attr_init(0); pthread_cleanup_push(0, 0);
|                      pthread_create(0,0,0,0); pthread_cleanup_pop(0);
|   ;
|   return 0;
| }
configure:12273: result: no
configure:12181: checking whether pthreads work with -Kthread
configure:12264: gcc -o conftest -g -O2 -Kthread   conftest.c   >&5
gcc: error: unrecognized command line option '-Kthread'; did you mean '-pthread'?
configure:12264: $? = 1
configure: failed program was:
| /* confdefs.h */
| #define PACKAGE_NAME "glog"
| #define PACKAGE_TARNAME "glog"
| #define PACKAGE_VERSION "0.3.4"
| #define PACKAGE_STRING "glog 0.3.4"
| #define PACKAGE_BUGREPORT "opensource@google.com"
| #define PACKAGE_URL ""
| #define PACKAGE "glog"
| #define VERSION "0.3.4"
| #define HAVE_SYS_TYPES_H 1
| #define HAVE_SYS_STAT_H 1
| #define HAVE_STDLIB_H 1
| #define HAVE_STRING_H 1
| #define HAVE_MEMORY_H 1
| #define HAVE_STRINGS_H 1
| #define HAVE_INTTYPES_H 1
| #define HAVE_STDINT_H 1
| #define HAVE_UNISTD_H 1
| #define HAVE_DLFCN_H 1
| #define LT_OBJDIR ".libs/"
| #define HAVE_UNISTD_H 1
| #define HAVE_SYSCALL_H 1
| #define HAVE_SYS_SYSCALL_H 1
| #define HAVE_EXECINFO_H 1
| #define HAVE_UCONTEXT_H 1
| #define HAVE_SYS_UTSNAME_H 1
| #define HAVE_PWD_H 1
| #define HAVE_SYSLOG_H 1
| #define HAVE_SYS_TIME_H 1
| #define HAVE_GLOB_H 1
| #define HAVE_UNWIND_H 1
| #define SIZEOF_VOID_P 8
| #define HAVE_SIGALTSTACK 1
| #define HAVE_SIGACTION 1
| #define HAVE_FCNTL 1
| #define HAVE_PREAD 1
| #define HAVE_PWRITE 1
| #define HAVE___ATTRIBUTE__ 1
| #define HAVE___BUILTIN_EXPECT 1
| #define HAVE___SYNC_VAL_COMPARE_AND_SWAP 1
| /* end confdefs.h.  */
| #include <pthread.h>
| int
| main ()
| {
| pthread_t th; pthread_join(th, 0);
|                      pthread_attr_init(0); pthread_cleanup_push(0, 0);
|                      pthread_create(0,0,0,0); pthread_cleanup_pop(0);
|   ;
|   return 0;
| }
configure:12273: result: no
configure:12181: checking whether pthreads work with -kthread
configure:12264: gcc -o conftest -g -O2 -kthread   conftest.c   >&5
gcc: error: unrecognized command line option '-kthread'; did you mean '-pthread'?
configure:12264: $? = 1
configure: failed program was:
| /* confdefs.h */
| #define PACKAGE_NAME "glog"
| #define PACKAGE_TARNAME "glog"
| #define PACKAGE_VERSION "0.3.4"
| #define PACKAGE_STRING "glog 0.3.4"
| #define PACKAGE_BUGREPORT "opensource@google.com"
| #define PACKAGE_URL ""
| #define PACKAGE "glog"
| #define VERSION "0.3.4"
| #define HAVE_SYS_TYPES_H 1
| #define HAVE_SYS_STAT_H 1
| #define HAVE_STDLIB_H 1
| #define HAVE_STRING_H 1
| #define HAVE_MEMORY_H 1
| #define HAVE_STRINGS_H 1
| #define HAVE_INTTYPES_H 1
| #define HAVE_STDINT_H 1
| #define HAVE_UNISTD_H 1
| #define HAVE_DLFCN_H 1
| #define LT_OBJDIR ".libs/"
| #define HAVE_UNISTD_H 1
| #define HAVE_SYSCALL_H 1
| #define HAVE_SYS_SYSCALL_H 1
| #define HAVE_EXECINFO_H 1
| #define HAVE_UCONTEXT_H 1
| #define HAVE_SYS_UTSNAME_H 1
| #define HAVE_PWD_H 1
| #define HAVE_SYSLOG_H 1
| #define HAVE_SYS_TIME_H 1
| #define HAVE_GLOB_H 1
| #define HAVE_UNWIND_H 1
| #define SIZEOF_VOID_P 8
| #define HAVE_SIGALTSTACK 1
| #define HAVE_SIGACTION 1
| #define HAVE_FCNTL 1
| #define HAVE_PREAD 1
| #define HAVE_PWRITE 1
| #define HAVE___ATTRIBUTE__ 1
| #define HAVE___BUILTIN_EXPECT 1
| #define HAVE___SYNC_VAL_COMPARE_AND_SWAP 1
| /* end confdefs.h.  */
| #include <pthread.h>
| int
| main ()
| {
| pthread_t th; pthread_join(th, 0);
|                      pthread_attr_init(0); pthread_cleanup_push(0, 0);
|                      pthread_create(0,0,0,0); pthread_cleanup_pop(0);
|   ;
|   return 0;
| }
configure:12273: result: no
configure:12231: checking for the pthreads library -llthread
configure:12264: gcc -o conftest -g -O2    conftest.c -llthread  >&5
conftest.c: In function 'main':
conftest.c:47:22: warning: null argument where non-null required (argument 1) [-Wnonnull]
   47 |                      pthread_attr_init(0); pthread_cleanup_push(0, 0);
      |                      ^~~~~~~~~~~~~~~~~
conftest.c:48:22: warning: null argument where non-null required (argument 1) [-Wnonnull]
   48 |                      pthread_create(0,0,0,0); pthread_cleanup_pop(0);
      |                      ^~~~~~~~~~~~~~
conftest.c:48:22: warning: null argument where non-null required (argument 3) [-Wnonnull]
/usr/bin/ld: cannot find -llthread
collect2: error: ld returned 1 exit status
configure:12264: $? = 1
configure: failed program was:
| /* confdefs.h */
| #define PACKAGE_NAME "glog"
| #define PACKAGE_TARNAME "glog"
| #define PACKAGE_VERSION "0.3.4"
| #define PACKAGE_STRING "glog 0.3.4"
| #define PACKAGE_BUGREPORT "opensource@google.com"
| #define PACKAGE_URL ""
| #define PACKAGE "glog"
| #define VERSION "0.3.4"
| #define HAVE_SYS_TYPES_H 1
| #define HAVE_SYS_STAT_H 1
| #define HAVE_STDLIB_H 1
| #define HAVE_STRING_H 1
| #define HAVE_MEMORY_H 1
| #define HAVE_STRINGS_H 1
| #define HAVE_INTTYPES_H 1
| #define HAVE_STDINT_H 1
| #define HAVE_UNISTD_H 1
| #define HAVE_DLFCN_H 1
| #define LT_OBJDIR ".libs/"
| #define HAVE_UNISTD_H 1
| #define HAVE_SYSCALL_H 1
| #define HAVE_SYS_SYSCALL_H 1
| #define HAVE_EXECINFO_H 1
| #define HAVE_UCONTEXT_H 1
| #define HAVE_SYS_UTSNAME_H 1
| #define HAVE_PWD_H 1
| #define HAVE_SYSLOG_H 1
| #define HAVE_SYS_TIME_H 1
| #define HAVE_GLOB_H 1
| #define HAVE_UNWIND_H 1
| #define SIZEOF_VOID_P 8
| #define HAVE_SIGALTSTACK 1
| #define HAVE_SIGACTION 1
| #define HAVE_FCNTL 1
| #define HAVE_PREAD 1
| #define HAVE_PWRITE 1
| #define HAVE___ATTRIBUTE__ 1
| #define HAVE___BUILTIN_EXPECT 1
| #define HAVE___SYNC_VAL_COMPARE_AND_SWAP 1
| /* end confdefs.h.  */
| #include <pthread.h>
| int
| main ()
| {
| pthread_t th; pthread_join(th, 0);
|                      pthread_attr_init(0); pthread_cleanup_push(0, 0);
|                      pthread_create(0,0,0,0); pthread_cleanup_pop(0);
|   ;
|   return 0;
| }
configure:12273: result: no
configure:12181: checking whether pthreads work with -pthread
configure:12264: gcc -o conftest -g -O2 -pthread   conftest.c   >&5
conftest.c: In function 'main':
conftest.c:47:22: warning: null argument where non-null required (argument 1) [-Wnonnull]
   47 |                      pthread_attr_init(0); pthread_cleanup_push(0, 0);
      |                      ^~~~~~~~~~~~~~~~~
conftest.c:48:22: warning: null argument where non-null required (argument 1) [-Wnonnull]
   48 |                      pthread_create(0,0,0,0); pthread_cleanup_pop(0);
      |                      ^~~~~~~~~~~~~~
conftest.c:48:22: warning: null argument where non-null required (argument 3) [-Wnonnull]
configure:12264: $? = 0
configure:12273: result: yes
configure:12292: checking for joinable pthread attribute
configure:12307: gcc -o conftest -g -O2 -pthread   conftest.c   >&5
configure:12307: $? = 0
configure:12313: result: PTHREAD_CREATE_JOINABLE
configure:12323: checking if more special flags are required for pthreads
configure:12330: result: no
configure:12419: checking whether to check for GCC pthread/shared inconsistencies
configure:12432: gcc -o conftest -shared -fPIC -Wl,-z,defs -g -O2 -pthread   conftest.c   >&5
configure:12432: $? = 0
configure:12444: result: yes
configure:12450: checking whether -pthread is sufficient with -shared
configure:12465: gcc -o conftest -shared -fPIC -Wl,-z,defs -g -O2 -pthread   conftest.c   >&5
conftest.c: In function 'main':
conftest.c:47:8: warning: null argument where non-null required (argument 1) [-Wnonnull]
   47 |        pthread_attr_init(0); pthread_cleanup_push(0, 0);
      |        ^~~~~~~~~~~~~~~~~
conftest.c:48:8: warning: null argument where non-null required (argument 1) [-Wnonnull]
   48 |        pthread_create(0,0,0,0); pthread_cleanup_pop(0);
      |        ^~~~~~~~~~~~~~
conftest.c:48:8: warning: null argument where non-null required (argument 3) [-Wnonnull]
configure:12465: $? = 0
configure:12472: result: yes
configure:12591: checking for pthread_self in -lpthread
configure:12616: g++ -o conftest -g -O2   conftest.cpp -lpthread   >&5
configure:12616: $? = 0
configure:12625: result: yes
configure:12651: checking for main in -lgflags
configure:12670: g++ -o conftest -g -O2   conftest.cpp -lgflags  -lpthread  -L/home/qwerty/catkin_ws/devel/lib -lgflags >&5
configure:12670: $? = 0
configure:12679: result: yes
configure:12706: checking for gtest-config
configure:12736: result: no
configure:12741: checking for main in -lgtest
configure:12760: g++ -o conftest -g -O2   conftest.cpp -lgtest  -lpthread  >&5
configure:12760: $? = 0
configure:12769: result: yes
configure:12902: checking support for pthread_rwlock_* functions
configure:12928: gcc -c -g -O2  conftest.c >&5
configure:12928: $? = 0
configure:12942: result: yes
configure:12953: checking whether the compiler implements namespaces
configure:12977: g++ -c -g -O2  conftest.cpp >&5
configure:12977: $? = 0
configure:12990: result: yes
configure:12997: checking what namespace STL code is in
configure:13021: g++ -c -g -O2  conftest.cpp >&5
conftest.cpp: In function 'int main()':
conftest.cpp:51:1: error: 'vector' was not declared in this scope; did you mean 'std::vector'?
   51 | vector<int> t; return 0;
      | ^~~~~~
      | std::vector
In file included from /usr/include/c++/9/vector:67,
                 from conftest.cpp:47:
/usr/include/c++/9/bits/stl_vector.h:386:11: note: 'std::vector' declared here
  386 |     class vector : protected _Vector_base<_Tp, _Alloc>
      |           ^~~~~~
conftest.cpp:51:8: error: expected primary-expression before 'int'
   51 | vector<int> t; return 0;
      |        ^~~
configure:13021: $? = 1
configure: failed program was:
| /* confdefs.h */
| #define PACKAGE_NAME "glog"
| #define PACKAGE_TARNAME "glog"
| #define PACKAGE_VERSION "0.3.4"
| #define PACKAGE_STRING "glog 0.3.4"
| #define PACKAGE_BUGREPORT "opensource@google.com"
| #define PACKAGE_URL ""
| #define PACKAGE "glog"
| #define VERSION "0.3.4"
| #define HAVE_SYS_TYPES_H 1
| #define HAVE_SYS_STAT_H 1
| #define HAVE_STDLIB_H 1
| #define HAVE_STRING_H 1
| #define HAVE_MEMORY_H 1
| #define HAVE_STRINGS_H 1
| #define HAVE_INTTYPES_H 1
| #define HAVE_STDINT_H 1
| #define HAVE_UNISTD_H 1
| #define HAVE_DLFCN_H 1
| #define LT_OBJDIR ".libs/"
| #define HAVE_UNISTD_H 1
| #define HAVE_SYSCALL_H 1
| #define HAVE_SYS_SYSCALL_H 1
| #define HAVE_EXECINFO_H 1
| #define HAVE_UCONTEXT_H 1
| #define HAVE_SYS_UTSNAME_H 1
| #define HAVE_PWD_H 1
| #define HAVE_SYSLOG_H 1
| #define HAVE_SYS_TIME_H 1
| #define HAVE_GLOB_H 1
| #define HAVE_UNWIND_H 1
| #define SIZEOF_VOID_P 8
| #define HAVE_SIGALTSTACK 1
| #define HAVE_SIGACTION 1
| #define HAVE_FCNTL 1
| #define HAVE_PREAD 1
| #define HAVE_PWRITE 1
| #define HAVE___ATTRIBUTE__ 1
| #define HAVE___BUILTIN_EXPECT 1
| #define HAVE___SYNC_VAL_COMPARE_AND_SWAP 1
| #define HAVE_PTHREAD 1
| #define HAVE_LIBPTHREAD 1
| #define HAVE_LIB_GFLAGS 1
| #define HAVE_RWLOCK 1
| #define HAVE_NAMESPACES 1
| /* end confdefs.h.  */
| #include <vector>
| int
| main ()
| {
| vector<int> t; return 0;
|   ;
|   return 0;
| }
configure:13036: g++ -c -g -O2  conftest.cpp >&5
configure:13036: $? = 0
configure:13047: result: std
configure:13098: checking whether compiler supports using ::operator<<
configure:13122: g++ -c -g -O2  conftest.cpp >&5
configure:13122: $? = 0
configure:13135: result: 1
configure:13145: checking for ucontext.h
configure:13145: result: yes
configure:13157: checking sys/ucontext.h usability
configure:13157: g++ -c -g -O2  conftest.cpp >&5
configure:13157: $? = 0
configure:13157: result: yes
configure:13157: checking sys/ucontext.h presence
configure:13157: g++ -E  conftest.cpp
configure:13157: $? = 0
configure:13157: result: yes
configure:13157: checking for sys/ucontext.h
configure:13157: result: yes
configure:13167: checking how to access the program counter from a struct ucontext
configure:13202: g++ -c -g -O2  conftest.cpp >&5
conftest.cpp: In function 'int main()':
conftest.cpp:59:42: error: 'REG_PC' was not declared in this scope; did you mean 'REG_RCX'?
   59 | ucontext_t u; return u.uc_mcontext.gregs[REG_PC] == 0;
      |                                          ^~~~~~
      |                                          REG_RCX
configure:13202: $? = 1
configure: failed program was:
| /* confdefs.h */
| #define PACKAGE_NAME "glog"
| #define PACKAGE_TARNAME "glog"
| #define PACKAGE_VERSION "0.3.4"
| #define PACKAGE_STRING "glog 0.3.4"
| #define PACKAGE_BUGREPORT "opensource@google.com"
| #define PACKAGE_URL ""
| #define PACKAGE "glog"
| #define VERSION "0.3.4"
| #define HAVE_SYS_TYPES_H 1
| #define HAVE_SYS_STAT_H 1
| #define HAVE_STDLIB_H 1
| #define HAVE_STRING_H 1
| #define HAVE_MEMORY_H 1
| #define HAVE_STRINGS_H 1
| #define HAVE_INTTYPES_H 1
| #define HAVE_STDINT_H 1
| #define HAVE_UNISTD_H 1
| #define HAVE_DLFCN_H 1
| #define LT_OBJDIR ".libs/"
| #define HAVE_UNISTD_H 1
| #define HAVE_SYSCALL_H 1
| #define HAVE_SYS_SYSCALL_H 1
| #define HAVE_EXECINFO_H 1
| #define HAVE_UCONTEXT_H 1
| #define HAVE_SYS_UTSNAME_H 1
| #define HAVE_PWD_H 1
| #define HAVE_SYSLOG_H 1
| #define HAVE_SYS_TIME_H 1
| #define HAVE_GLOB_H 1
| #define HAVE_UNWIND_H 1
| #define SIZEOF_VOID_P 8
| #define HAVE_SIGALTSTACK 1
| #define HAVE_SIGACTION 1
| #define HAVE_FCNTL 1
| #define HAVE_PREAD 1
| #define HAVE_PWRITE 1
| #define HAVE___ATTRIBUTE__ 1
| #define HAVE___BUILTIN_EXPECT 1
| #define HAVE___SYNC_VAL_COMPARE_AND_SWAP 1
| #define HAVE_PTHREAD 1
| #define HAVE_LIBPTHREAD 1
| #define HAVE_LIB_GFLAGS 1
| #define HAVE_RWLOCK 1
| #define HAVE_NAMESPACES 1
| #define STL_NAMESPACE std
| #define GOOGLE_NAMESPACE google
| #define _START_GOOGLE_NAMESPACE_ namespace google {
| #define _END_GOOGLE_NAMESPACE_ }
| #define HAVE_USING_OPERATOR 1
| #define HAVE_UCONTEXT_H 1
| #define HAVE_SYS_UCONTEXT_H 1
| /* end confdefs.h.  */
| #define _GNU_SOURCE 1
|                          #include <sys/ucontext.h>
| int
| main ()
| {
| ucontext_t u; return u.uc_mcontext.gregs[REG_PC] == 0;
|   ;
|   return 0;
| }
configure:13202: g++ -c -g -O2  conftest.cpp >&5
conftest.cpp: In function 'int main()':
conftest.cpp:59:42: error: 'REG_EIP' was not declared in this scope; did you mean 'REG_RIP'?
   59 | ucontext_t u; return u.uc_mcontext.gregs[REG_EIP] == 0;
      |                                          ^~~~~~~
      |                                          REG_RIP
configure:13202: $? = 1
configure: failed program was:
| /* confdefs.h */
| #define PACKAGE_NAME "glog"
| #define PACKAGE_TARNAME "glog"
| #define PACKAGE_VERSION "0.3.4"
| #define PACKAGE_STRING "glog 0.3.4"
| #define PACKAGE_BUGREPORT "opensource@google.com"
| #define PACKAGE_URL ""
| #define PACKAGE "glog"
| #define VERSION "0.3.4"
| #define HAVE_SYS_TYPES_H 1
| #define HAVE_SYS_STAT_H 1
| #define HAVE_STDLIB_H 1
| #define HAVE_STRING_H 1
| #define HAVE_MEMORY_H 1
| #define HAVE_STRINGS_H 1
| #define HAVE_INTTYPES_H 1
| #define HAVE_STDINT_H 1
| #define HAVE_UNISTD_H 1
| #define HAVE_DLFCN_H 1
| #define LT_OBJDIR ".libs/"
| #define HAVE_UNISTD_H 1
| #define HAVE_SYSCALL_H 1
| #define HAVE_SYS_SYSCALL_H 1
| #define HAVE_EXECINFO_H 1
| #define HAVE_UCONTEXT_H 1
| #define HAVE_SYS_UTSNAME_H 1
| #define HAVE_PWD_H 1
| #define HAVE_SYSLOG_H 1
| #define HAVE_SYS_TIME_H 1
| #define HAVE_GLOB_H 1
| #define HAVE_UNWIND_H 1
| #define SIZEOF_VOID_P 8
| #define HAVE_SIGALTSTACK 1
| #define HAVE_SIGACTION 1
| #define HAVE_FCNTL 1
| #define HAVE_PREAD 1
| #define HAVE_PWRITE 1
| #define HAVE___ATTRIBUTE__ 1
| #define HAVE___BUILTIN_EXPECT 1
| #define HAVE___SYNC_VAL_COMPARE_AND_SWAP 1
| #define HAVE_PTHREAD 1
| #define HAVE_LIBPTHREAD 1
| #define HAVE_LIB_GFLAGS 1
| #define HAVE_RWLOCK 1
| #define HAVE_NAMESPACES 1
| #define STL_NAMESPACE std
| #define GOOGLE_NAMESPACE google
| #define _START_GOOGLE_NAMESPACE_ namespace google {
| #define _END_GOOGLE_NAMESPACE_ }
| #define HAVE_USING_OPERATOR 1
| #define HAVE_UCONTEXT_H 1
| #define HAVE_SYS_UCONTEXT_H 1
| /* end confdefs.h.  */
| #define _GNU_SOURCE 1
|                          #include <sys/ucontext.h>
| int
| main ()
| {
| ucontext_t u; return u.uc_mcontext.gregs[REG_EIP] == 0;
|   ;
|   return 0;
| }
configure:13202: g++ -c -g -O2  conftest.cpp >&5
configure:13202: $? = 0
configure:13208: result: uc_mcontext.gregs[REG_RIP]
configure:13411: checking that generated files are newer than configure
configure:13417: result: done
configure:13464: creating ./config.status

## ---------------------- ##
## Running config.status. ##
## ---------------------- ##

This file was extended by glog config.status 0.3.4, which was
generated by GNU Autoconf 2.69.  Invocation command line was

  CONFIG_FILES    = 
  CONFIG_HEADERS  = 
  CONFIG_LINKS    = 
  CONFIG_COMMANDS = 
  $ ./config.status 

on qwerty-VirtualBox

config.status:1218: creating Makefile
config.status:1218: creating src/glog/logging.h
config.status:1218: creating src/glog/raw_logging.h
config.status:1218: creating src/glog/vlog_is_on.h
config.status:1218: creating src/glog/stl_logging.h
config.status:1218: creating libglog.pc
config.status:1218: creating src/config.h
config.status:1447: executing depfiles commands
config.status:1447: executing libtool commands

## ---------------- ##
## Cache variables. ##
## ---------------- ##

ac_cv___attribute__=yes
ac_cv___attribute___noinline='__attribute__ ((noinline))'
ac_cv___attribute___noreturn='__attribute__ ((noreturn))'
ac_cv___attribute___printf_4_5='__attribute__((__format__ (__printf__, 4, 5)))'
ac_cv___builtin_expect=yes
ac_cv___sync_val_compare_and_swap=yes
ac_cv_build=x86_64-unknown-linux-gnu
ac_cv_c_compiler_gnu=yes
ac_cv_cxx_compiler_gnu=yes
ac_cv_cxx_namespaces=yes
ac_cv_cxx_stl_namespace=std
ac_cv_cxx_using_operator=1
ac_cv_env_CCC_set=
ac_cv_env_CCC_value=
ac_cv_env_CC_set=
ac_cv_env_CC_value=
ac_cv_env_CFLAGS_set=
ac_cv_env_CFLAGS_value=
ac_cv_env_CPPFLAGS_set=
ac_cv_env_CPPFLAGS_value=
ac_cv_env_CPP_set=
ac_cv_env_CPP_value=
ac_cv_env_CXXCPP_set=
ac_cv_env_CXXCPP_value=
ac_cv_env_CXXFLAGS_set=
ac_cv_env_CXXFLAGS_value=
ac_cv_env_CXX_set=
ac_cv_env_CXX_value=
ac_cv_env_LDFLAGS_set=
ac_cv_env_LDFLAGS_value=
ac_cv_env_LIBS_set=
ac_cv_env_LIBS_value=
ac_cv_env_build_alias_set=
ac_cv_env_build_alias_value=
ac_cv_env_host_alias_set=
ac_cv_env_host_alias_value=
ac_cv_env_target_alias_set=
ac_cv_env_target_alias_value=
ac_cv_func_dladdr=no
ac_cv_func_fcntl=yes
ac_cv_func_pread=yes
ac_cv_func_pwrite=yes
ac_cv_func_sigaction=yes
ac_cv_func_sigaltstack=yes
ac_cv_have___builtin_expect=1
ac_cv_have___uint16=0
ac_cv_have_inttypes_h=1
ac_cv_have_libgflags=1
ac_cv_have_libunwind_h=0
ac_cv_have_stdint_h=1
ac_cv_have_systypes_h=1
ac_cv_have_u_int16_t=1
ac_cv_have_uint16_t=1
ac_cv_have_unistd_h=1
ac_cv_have_windows_h=0
ac_cv_header_dlfcn_h=yes
ac_cv_header_execinfo_h=yes
ac_cv_header_glob_h=yes
ac_cv_header_inttypes_h=yes
ac_cv_header_libunwind_h=no
ac_cv_header_memory_h=yes
ac_cv_header_pwd_h=yes
ac_cv_header_stdc=no
ac_cv_header_stdint_h=yes
ac_cv_header_stdlib_h=yes
ac_cv_header_string_h=yes
ac_cv_header_strings_h=yes
ac_cv_header_sys_stat_h=yes
ac_cv_header_sys_syscall_h=yes
ac_cv_header_sys_time_h=yes
ac_cv_header_sys_types_h=yes
ac_cv_header_sys_ucontext_h=yes
ac_cv_header_sys_utsname_h=yes
ac_cv_header_syscall_h=yes
ac_cv_header_syslog_h=yes
ac_cv_header_ucontext_h=yes
ac_cv_header_unistd_h=yes
ac_cv_header_unwind_h=yes
ac_cv_header_windows_h=no
ac_cv_host=x86_64-unknown-linux-gnu
ac_cv_lib_gflags_main=yes
ac_cv_lib_gtest_main=yes
ac_cv_lib_pthread_pthread_self=yes
ac_cv_objext=o
ac_cv_path_EGREP='/usr/bin/grep -E'
ac_cv_path_FGREP='/usr/bin/grep -F'
ac_cv_path_GREP=/usr/bin/grep
ac_cv_path_SED=/usr/bin/sed
ac_cv_path_install='/usr/bin/install -c'
ac_cv_path_mkdir=/usr/bin/mkdir
ac_cv_prog_AWK=mawk
ac_cv_prog_CPP='gcc -E'
ac_cv_prog_CXXCPP='g++ -E'
ac_cv_prog_ac_ct_AR=ar
ac_cv_prog_ac_ct_CC=gcc
ac_cv_prog_ac_ct_CXX=g++
ac_cv_prog_ac_ct_MANIFEST_TOOL=mt
ac_cv_prog_ac_ct_OBJDUMP=objdump
ac_cv_prog_ac_ct_RANLIB=ranlib
ac_cv_prog_ac_ct_STRIP=strip
ac_cv_prog_cc_c89=
ac_cv_prog_cc_g=yes
ac_cv_prog_cxx_g=yes
ac_cv_prog_make_make_set=yes
ac_cv_rwlock=yes
ac_cv_sizeof_void_p=8
ac_cv_type___uint16=no
ac_cv_type_u_int16_t=yes
ac_cv_type_uint16_t=yes
am_cv_CC_dependencies_compiler_type=gcc3
am_cv_CXX_dependencies_compiler_type=gcc3
am_cv_make_support_nested_variables=yes
am_cv_prog_cc_c_o=yes
lt_cv_ar_at_file=@
lt_cv_archive_cmds_need_lc=no
lt_cv_deplibs_check_method=pass_all
lt_cv_file_magic_cmd='$MAGIC_CMD'
lt_cv_file_magic_test_file=
lt_cv_ld_reload_flag=-r
lt_cv_nm_interface='BSD nm'
lt_cv_objdir=.libs
lt_cv_path_LD=/usr/bin/ld
lt_cv_path_LDCXX='/usr/bin/ld -m elf_x86_64'
lt_cv_path_NM='/usr/bin/nm -B'
lt_cv_path_mainfest_tool=no
lt_cv_prog_compiler_c_o=yes
lt_cv_prog_compiler_c_o_CXX=yes
lt_cv_prog_compiler_pic='-fPIC -DPIC'
lt_cv_prog_compiler_pic_CXX='-fPIC -DPIC'
lt_cv_prog_compiler_pic_works=yes
lt_cv_prog_compiler_pic_works_CXX=yes
lt_cv_prog_compiler_rtti_exceptions=no
lt_cv_prog_compiler_static_works=yes
lt_cv_prog_compiler_static_works_CXX=yes
lt_cv_prog_gnu_ld=yes
lt_cv_prog_gnu_ldcxx=yes
lt_cv_sharedlib_from_linklib_cmd='printf %s\n'
lt_cv_shlibpath_overrides_runpath=yes
lt_cv_sys_global_symbol_pipe='sed -n -e '\''s/^.*[	 ]\([ABCDGIRSTW][ABCDGIRSTW]*\)[	 ][	 ]*\([_A-Za-z][_A-Za-z0-9]*\)$/\1 \2 \2/p'\'' | sed '\''/ __gnu_lto/d'\'''
lt_cv_sys_global_symbol_to_c_name_address='sed -n -e '\''s/^: \([^ ]*\)[ ]*$/  {\"\1\", (void *) 0},/p'\'' -e '\''s/^[ABCDGIRSTW]* \([^ ]*\) \([^ ]*\)$/  {"\2", (void *) \&\2},/p'\'''
lt_cv_sys_global_symbol_to_c_name_address_lib_prefix='sed -n -e '\''s/^: \([^ ]*\)[ ]*$/  {\"\1\", (void *) 0},/p'\'' -e '\''s/^[ABCDGIRSTW]* \([^ ]*\) \(lib[^ ]*\)$/  {"\2", (void *) \&\2},/p'\'' -e '\''s/^[ABCDGIRSTW]* \([^ ]*\) \([^ ]*\)$/  {"lib\2", (void *) \&\2},/p'\'''
lt_cv_sys_global_symbol_to_cdecl='sed -n -e '\''s/^T .* \(.*\)$/extern int \1();/p'\'' -e '\''s/^[ABCDGIRSTW]* .* \(.*\)$/extern char \1;/p'\'''
lt_cv_sys_max_cmd_len=1572864
lt_cv_to_host_file_cmd=func_convert_file_noop
lt_cv_to_tool_file_cmd=func_convert_file_noop

## ----------------- ##
## Output variables. ##
## ----------------- ##

ACLOCAL='aclocal-1.14'
AMDEPBACKSLASH='\'
AMDEP_FALSE='#'
AMDEP_TRUE=''
AMTAR='$${TAR-tar}'
AM_BACKSLASH='\'
AM_DEFAULT_V='$(AM_DEFAULT_VERBOSITY)'
AM_DEFAULT_VERBOSITY='1'
AM_V='$(V)'
AR='ar'
AUTOCONF='autoconf'
AUTOHEADER='autoheader'
AUTOMAKE='automake-1.14'
AWK='mawk'
CC='gcc'
CCDEPMODE='depmode=gcc3'
CFLAGS='-g -O2'
CPP='gcc -E'
CPPFLAGS=''
CXX='g++'
CXXCPP='g++ -E'
CXXDEPMODE='depmode=gcc3'
CXXFLAGS='-g -O2'
CYGPATH_W='echo'
DEFS='-DHAVE_CONFIG_H'
DEPDIR='.deps'
DISABLE_RTTI_FALSE=''
DISABLE_RTTI_TRUE='#'
DLLTOOL='false'
DSYMUTIL=''
DUMPBIN=''
ECHO_C=''
ECHO_N='-n'
ECHO_T=''
EGREP='/usr/bin/grep -E'
ENABLE_FRAME_POINTERS_FALSE=''
ENABLE_FRAME_POINTERS_TRUE='#'
EXEEXT=''
FGREP='/usr/bin/grep -F'
GCC_FALSE='#'
GCC_TRUE=''
GFLAGS_CFLAGS='-I/home/qwerty/catkin_ws/devel/include'
GFLAGS_LIBS='-L/home/qwerty/catkin_ws/devel/lib -lgflags'
GMOCK_CFLAGS=''
GMOCK_CONFIG=''
GMOCK_LIBS=''
GREP='/usr/bin/grep'
GTEST_CFLAGS=''
GTEST_CONFIG=''
GTEST_LIBS=''
HAVE_GMOCK_FALSE=''
HAVE_GMOCK_TRUE='#'
INSTALL_DATA='${INSTALL} -m 644'
INSTALL_PROGRAM='${INSTALL}'
INSTALL_SCRIPT='${INSTALL}'
INSTALL_STRIP_PROGRAM='$(install_sh) -c -s'
LD='/usr/bin/ld -m elf_x86_64'
LDFLAGS=''
LIBOBJS=''
LIBS='-lpthread '
LIBTOOL='$(SHELL) $(top_builddir)/libtool'
LIBTOOL_DEPS='./ltmain.sh'
LIPO=''
LN_S='ln -s'
LTLIBOBJS=''
MAKEINFO='makeinfo'
MANIFEST_TOOL=':'
MINGW_CFLAGS=''
MKDIR_P='/usr/bin/mkdir -p'
NM='/usr/bin/nm -B'
NMEDIT=''
OBJDUMP='objdump'
OBJEXT='o'
OTOOL64=''
OTOOL=''
PACKAGE='glog'
PACKAGE_BUGREPORT='opensource@google.com'
PACKAGE_NAME='glog'
PACKAGE_STRING='glog 0.3.4'
PACKAGE_TARNAME='glog'
PACKAGE_URL=''
PACKAGE_VERSION='0.3.4'
PATH_SEPARATOR=':'
PTHREAD_CC='gcc'
PTHREAD_CFLAGS='-pthread'
PTHREAD_LIBS=''
RANLIB='ranlib'
SED='/usr/bin/sed'
SET_MAKE=''
SHELL='/bin/bash'
STRIP='strip'
UNWIND_LIBS=''
VERSION='0.3.4'
X86_64_FALSE='#'
X86_64_TRUE=''
ac_ct_AR='ar'
ac_ct_CC='gcc'
ac_ct_CXX='g++'
ac_ct_DUMPBIN=''
ac_cv___attribute___noinline='__attribute__ ((noinline))'
ac_cv___attribute___noreturn='__attribute__ ((noreturn))'
ac_cv___attribute___printf_4_5='__attribute__((__format__ (__printf__, 4, 5)))'
ac_cv_cxx_using_operator='1'
ac_cv_have___builtin_expect='1'
ac_cv_have___uint16='0'
ac_cv_have_inttypes_h='1'
ac_cv_have_libgflags='1'
ac_cv_have_stdint_h='1'
ac_cv_have_systypes_h='1'
ac_cv_have_u_int16_t='1'
ac_cv_have_uint16_t='1'
ac_cv_have_unistd_h='1'
ac_google_end_namespace='}'
ac_google_namespace='google'
ac_google_start_namespace='namespace google {'
acx_pthread_config=''
am__EXEEXT_FALSE=''
am__EXEEXT_TRUE='#'
am__fastdepCC_FALSE='#'
am__fastdepCC_TRUE=''
am__fastdepCXX_FALSE='#'
am__fastdepCXX_TRUE=''
am__include='include'
am__isrc=''
am__leading_dot='.'
am__nodep='_no'
am__quote=''
am__tar='$${TAR-tar} chof - "$$tardir"'
am__untar='$${TAR-tar} xf -'
bindir='${exec_prefix}/bin'
build='x86_64-unknown-linux-gnu'
build_alias=''
build_cpu='x86_64'
build_os='linux-gnu'
build_vendor='unknown'
datadir='${datarootdir}'
datarootdir='${prefix}/share'
docdir='${datarootdir}/doc/${PACKAGE_TARNAME}'
dvidir='${docdir}'
exec_prefix='${prefix}'
host='x86_64-unknown-linux-gnu'
host_alias=''
host_cpu='x86_64'
host_os='linux-gnu'
host_vendor='unknown'
htmldir='${docdir}'
includedir='${prefix}/include'
infodir='${datarootdir}/info'
install_sh='${SHELL} /home/qwerty/catkin_ws/build/nbvplanner/glog_catkin/glog_src-prefix/src/glog_src/glog-0.3.4/install-sh'
libdir='${exec_prefix}/lib'
libexecdir='${exec_prefix}/libexec'
localedir='${datarootdir}/locale'
localstatedir='${prefix}/var'
mandir='${datarootdir}/man'
mkdir_p='$(MKDIR_P)'
oldincludedir='/usr/include'
pdfdir='${docdir}'
prefix='/home/qwerty/catkin_ws/devel'
program_transform_name='s,x,x,'
psdir='${docdir}'
sbindir='${exec_prefix}/sbin'
sharedstatedir='${prefix}/com'
sysconfdir='${prefix}/etc'
target_alias=''

## ----------- ##
## confdefs.h. ##
## ----------- ##

/* confdefs.h */
#define PACKAGE_NAME "glog"
#define PACKAGE_TARNAME "glog"
#define PACKAGE_VERSION "0.3.4"
#define PACKAGE_STRING "glog 0.3.4"
#define PACKAGE_BUGREPORT "opensource@google.com"
#define PACKAGE_URL ""
#define PACKAGE "glog"
#define VERSION "0.3.4"
#define HAVE_SYS_TYPES_H 1
#define HAVE_SYS_STAT_H 1
#define HAVE_STDLIB_H 1
#define HAVE_STRING_H 1
#define HAVE_MEMORY_H 1
#define HAVE_STRINGS_H 1
#define HAVE_INTTYPES_H 1
#define HAVE_STDINT_H 1
#define HAVE_UNISTD_H 1
#define HAVE_DLFCN_H 1
#define LT_OBJDIR ".libs/"
#define HAVE_UNISTD_H 1
#define HAVE_SYSCALL_H 1
#define HAVE_SYS_SYSCALL_H 1
#define HAVE_EXECINFO_H 1
#define HAVE_UCONTEXT_H 1
#define HAVE_SYS_UTSNAME_H 1
#define HAVE_PWD_H 1
#define HAVE_SYSLOG_H 1
#define HAVE_SYS_TIME_H 1
#define HAVE_GLOB_H 1
#define HAVE_UNWIND_H 1
#define SIZEOF_VOID_P 8
#define HAVE_SIGALTSTACK 1
#define HAVE_SIGACTION 1
#define HAVE_FCNTL 1
#define HAVE_PREAD 1
#define HAVE_PWRITE 1
#define HAVE___ATTRIBUTE__ 1
#define HAVE___BUILTIN_EXPECT 1
#define HAVE___SYNC_VAL_COMPARE_AND_SWAP 1
#define HAVE_PTHREAD 1
#define HAVE_LIBPTHREAD 1
#define HAVE_LIB_GFLAGS 1
#define HAVE_RWLOCK 1
#define HAVE_NAMESPACES 1
#define STL_NAMESPACE std
#define GOOGLE_NAMESPACE google
#define _START_GOOGLE_NAMESPACE_ namespace google {
#define _END_GOOGLE_NAMESPACE_ }
#define HAVE_USING_OPERATOR 1
#define HAVE_UCONTEXT_H 1
#define HAVE_SYS_UCONTEXT_H 1
#define PC_FROM_UCONTEXT uc_mcontext.gregs[REG_RIP]
#define TEST_SRC_DIR "."

configure: exit 0
